{"numFailedTestSuites":0,"numFailedTests":0,"numPassedTestSuites":1,"numPassedTests":1,"numPendingTestSuites":12,"numPendingTests":138,"numRuntimeErrorTestSuites":0,"numTodoTests":0,"numTotalTestSuites":13,"numTotalTests":139,"openHandles":[],"snapshot":{"added":0,"didUpdate":false,"failure":false,"filesAdded":0,"filesRemoved":0,"filesRemovedList":[],"filesUnmatched":0,"filesUpdated":0,"matched":0,"total":0,"unchecked":0,"uncheckedKeysByFile":[],"unmatched":0,"updated":0},"startTime":1767670087513,"success":true,"testResults":[{"assertionResults":[{"ancestorTitles":["Business Logic - Profit Calculations","Distributor Profit Percentage"],"duration":null,"failureDetails":[],"failureMessages":[],"fullName":"Business Logic - Profit Calculations Distributor Profit Percentage Distribuidor normal debe tener 20%","invocations":1,"location":null,"numPassingAsserts":0,"retryReasons":[],"status":"pending","title":"Distribuidor normal debe tener 20%"},{"ancestorTitles":["Business Logic - Profit Calculations","Distributor Profit Percentage"],"duration":null,"failureDetails":[],"failureMessages":[],"fullName":"Business Logic - Profit Calculations Distributor Profit Percentage Distribuidor 3er lugar debe tener 21%","invocations":1,"location":null,"numPassingAsserts":0,"retryReasons":[],"status":"pending","title":"Distribuidor 3er lugar debe tener 21%"},{"ancestorTitles":["Business Logic - Profit Calculations","Distributor Profit Percentage"],"duration":null,"failureDetails":[],"failureMessages":[],"fullName":"Business Logic - Profit Calculations Distributor Profit Percentage Distribuidor 2do lugar debe tener 23%","invocations":1,"location":null,"numPassingAsserts":0,"retryReasons":[],"status":"pending","title":"Distribuidor 2do lugar debe tener 23%"},{"ancestorTitles":["Business Logic - Profit Calculations","Distributor Profit Percentage"],"duration":null,"failureDetails":[],"failureMessages":[],"fullName":"Business Logic - Profit Calculations Distributor Profit Percentage Distribuidor 1er lugar debe tener 25%","invocations":1,"location":null,"numPassingAsserts":0,"retryReasons":[],"status":"pending","title":"Distribuidor 1er lugar debe tener 25%"},{"ancestorTitles":["Business Logic - Profit Calculations","Distributor Profit Percentage"],"duration":null,"failureDetails":[],"failureMessages":[],"fullName":"Business Logic - Profit Calculations Distributor Profit Percentage Admin debe tener 0%","invocations":1,"location":null,"numPassingAsserts":0,"retryReasons":[],"status":"pending","title":"Admin debe tener 0%"},{"ancestorTitles":["Business Logic - Profit Calculations","Profit Formulas - Normal (20%)"],"duration":null,"failureDetails":[],"failureMessages":[],"fullName":"Business Logic - Profit Calculations Profit Formulas - Normal (20%) Ganancia distribuidor = salePrice * 20% * quantity","invocations":1,"location":null,"numPassingAsserts":0,"retryReasons":[],"status":"pending","title":"Ganancia distribuidor = salePrice * 20% * quantity"},{"ancestorTitles":["Business Logic - Profit Calculations","Profit Formulas - Normal (20%)"],"duration":null,"failureDetails":[],"failureMessages":[],"fullName":"Business Logic - Profit Calculations Profit Formulas - Normal (20%) Pago distribuidor = salePrice * 80% * quantity","invocations":1,"location":null,"numPassingAsserts":0,"retryReasons":[],"status":"pending","title":"Pago distribuidor = salePrice * 80% * quantity"},{"ancestorTitles":["Business Logic - Profit Calculations","Profit Formulas - Normal (20%)"],"duration":null,"failureDetails":[],"failureMessages":[],"fullName":"Business Logic - Profit Calculations Profit Formulas - Normal (20%) Ganancia admin = (distributorPayment - cost) * quantity","invocations":1,"location":null,"numPassingAsserts":0,"retryReasons":[],"status":"pending","title":"Ganancia admin = (distributorPayment - cost) * quantity"},{"ancestorTitles":["Business Logic - Profit Calculations","Profit Formulas - Normal (20%)"],"duration":null,"failureDetails":[],"failureMessages":[],"fullName":"Business Logic - Profit Calculations Profit Formulas - Normal (20%) Ganancia total = distributorProfit + adminProfit","invocations":1,"location":null,"numPassingAsserts":0,"retryReasons":[],"status":"pending","title":"Ganancia total = distributorProfit + adminProfit"},{"ancestorTitles":["Business Logic - Profit Calculations","Profit Formulas - 1er Lugar (25%)"],"duration":null,"failureDetails":[],"failureMessages":[],"fullName":"Business Logic - Profit Calculations Profit Formulas - 1er Lugar (25%) Ganancia distribuidor = salePrice * 25% * quantity","invocations":1,"location":null,"numPassingAsserts":0,"retryReasons":[],"status":"pending","title":"Ganancia distribuidor = salePrice * 25% * quantity"},{"ancestorTitles":["Business Logic - Profit Calculations","Profit Formulas - 1er Lugar (25%)"],"duration":null,"failureDetails":[],"failureMessages":[],"fullName":"Business Logic - Profit Calculations Profit Formulas - 1er Lugar (25%) Pago distribuidor = salePrice * 75% * quantity","invocations":1,"location":null,"numPassingAsserts":0,"retryReasons":[],"status":"pending","title":"Pago distribuidor = salePrice * 75% * quantity"},{"ancestorTitles":["Business Logic - Profit Calculations","Profit Formulas - 1er Lugar (25%)"],"duration":null,"failureDetails":[],"failureMessages":[],"fullName":"Business Logic - Profit Calculations Profit Formulas - 1er Lugar (25%) Ganancia admin = (distributorPayment - cost) * quantity","invocations":1,"location":null,"numPassingAsserts":0,"retryReasons":[],"status":"pending","title":"Ganancia admin = (distributorPayment - cost) * quantity"},{"ancestorTitles":["Business Logic - Profit Calculations","Profit Formulas - 1er Lugar (25%)"],"duration":null,"failureDetails":[],"failureMessages":[],"fullName":"Business Logic - Profit Calculations Profit Formulas - 1er Lugar (25%) Ganancia total = distributorProfit + adminProfit","invocations":1,"location":null,"numPassingAsserts":0,"retryReasons":[],"status":"pending","title":"Ganancia total = distributorProfit + adminProfit"},{"ancestorTitles":["Business Logic - Profit Calculations","Profit Formulas - Admin Direct Sale"],"duration":null,"failureDetails":[],"failureMessages":[],"fullName":"Business Logic - Profit Calculations Profit Formulas - Admin Direct Sale Admin vende directamente - ganancia = (salePrice - cost) * quantity","invocations":1,"location":null,"numPassingAsserts":0,"retryReasons":[],"status":"pending","title":"Admin vende directamente - ganancia = (salePrice - cost) * quantity"},{"ancestorTitles":["Business Logic - Profit Calculations","Profit Formulas - Admin Direct Sale"],"duration":null,"failureDetails":[],"failureMessages":[],"fullName":"Business Logic - Profit Calculations Profit Formulas - Admin Direct Sale Admin vende directamente - distributorProfit = 0","invocations":1,"location":null,"numPassingAsserts":0,"retryReasons":[],"status":"pending","title":"Admin vende directamente - distributorProfit = 0"},{"ancestorTitles":["Business Logic - Profit Calculations","Profit Formulas - Admin Direct Sale"],"duration":null,"failureDetails":[],"failureMessages":[],"fullName":"Business Logic - Profit Calculations Profit Formulas - Admin Direct Sale Admin vende directamente - totalProfit = adminProfit","invocations":1,"location":null,"numPassingAsserts":0,"retryReasons":[],"status":"pending","title":"Admin vende directamente - totalProfit = adminProfit"},{"ancestorTitles":["Business Logic - Profit Calculations","Price Validations"],"duration":null,"failureDetails":[],"failureMessages":[],"fullName":"Business Logic - Profit Calculations Price Validations purchasePrice debe ser menor que distributorPrice","invocations":1,"location":null,"numPassingAsserts":0,"retryReasons":[],"status":"pending","title":"purchasePrice debe ser menor que distributorPrice"},{"ancestorTitles":["Business Logic - Profit Calculations","Price Validations"],"duration":null,"failureDetails":[],"failureMessages":[],"fullName":"Business Logic - Profit Calculations Price Validations distributorPrice debe ser menor que salePrice","invocations":1,"location":null,"numPassingAsserts":0,"retryReasons":[],"status":"pending","title":"distributorPrice debe ser menor que salePrice"},{"ancestorTitles":["Business Logic - Profit Calculations","Price Validations"],"duration":null,"failureDetails":[],"failureMessages":[],"fullName":"Business Logic - Profit Calculations Price Validations purchasePrice debe ser menor que salePrice","invocations":1,"location":null,"numPassingAsserts":0,"retryReasons":[],"status":"pending","title":"purchasePrice debe ser menor que salePrice"},{"ancestorTitles":["Business Logic - Profit Calculations","Price Validations"],"duration":null,"failureDetails":[],"failureMessages":[],"fullName":"Business Logic - Profit Calculations Price Validations Precios no pueden ser negativos","invocations":1,"location":null,"numPassingAsserts":0,"retryReasons":[],"status":"pending","title":"Precios no pueden ser negativos"},{"ancestorTitles":["Business Logic - Stock Management"],"duration":null,"failureDetails":[],"failureMessages":[],"fullName":"Business Logic - Stock Management Stock debe decrementar al hacer venta","invocations":1,"location":null,"numPassingAsserts":0,"retryReasons":[],"status":"pending","title":"Stock debe decrementar al hacer venta"},{"ancestorTitles":["Business Logic - Stock Management"],"duration":null,"failureDetails":[],"failureMessages":[],"fullName":"Business Logic - Stock Management Stock no puede ser negativo","invocations":1,"location":null,"numPassingAsserts":0,"retryReasons":[],"status":"pending","title":"Stock no puede ser negativo"},{"ancestorTitles":["Business Logic - Stock Management"],"duration":null,"failureDetails":[],"failureMessages":[],"fullName":"Business Logic - Stock Management Debe validar stock suficiente antes de venta","invocations":1,"location":null,"numPassingAsserts":0,"retryReasons":[],"status":"pending","title":"Debe validar stock suficiente antes de venta"},{"ancestorTitles":["Business Logic - Stock Management"],"duration":null,"failureDetails":[],"failureMessages":[],"fullName":"Business Logic - Stock Management Stock 0 significa producto no disponible","invocations":1,"location":null,"numPassingAsserts":0,"retryReasons":[],"status":"pending","title":"Stock 0 significa producto no disponible"},{"ancestorTitles":["Business Logic - Sale ID Format"],"duration":null,"failureDetails":[],"failureMessages":[],"fullName":"Business Logic - Sale ID Format saleId debe seguir formato VTA-YYYY-NNNN","invocations":1,"location":null,"numPassingAsserts":0,"retryReasons":[],"status":"pending","title":"saleId debe seguir formato VTA-YYYY-NNNN"},{"ancestorTitles":["Business Logic - Sale ID Format"],"duration":null,"failureDetails":[],"failureMessages":[],"fullName":"Business Logic - Sale ID Format saleId debe incluir año actual","invocations":1,"location":null,"numPassingAsserts":0,"retryReasons":[],"status":"pending","title":"saleId debe incluir año actual"},{"ancestorTitles":["Business Logic - Sale ID Format"],"duration":null,"failureDetails":[],"failureMessages":[],"fullName":"Business Logic - Sale ID Format saleId debe tener contador de 4 dígitos","invocations":1,"location":null,"numPassingAsserts":0,"retryReasons":[],"status":"pending","title":"saleId debe tener contador de 4 dígitos"},{"ancestorTitles":["Business Logic - Sale ID Format"],"duration":null,"failureDetails":[],"failureMessages":[],"fullName":"Business Logic - Sale ID Format saleId debe incrementar secuencialmente","invocations":1,"location":null,"numPassingAsserts":0,"retryReasons":[],"status":"pending","title":"saleId debe incrementar secuencialmente"},{"ancestorTitles":["Business Logic - Ranking System"],"duration":null,"failureDetails":[],"failureMessages":[],"fullName":"Business Logic - Ranking System Ranking debe basarse en ingresos totales","invocations":1,"location":null,"numPassingAsserts":0,"retryReasons":[],"status":"pending","title":"Ranking debe basarse en ingresos totales"},{"ancestorTitles":["Business Logic - Ranking System"],"duration":null,"failureDetails":[],"failureMessages":[],"fullName":"Business Logic - Ranking System Solo ventas confirmadas deben contar para ranking","invocations":1,"location":null,"numPassingAsserts":0,"retryReasons":[],"status":"pending","title":"Solo ventas confirmadas deben contar para ranking"},{"ancestorTitles":["Business Logic - Ranking System"],"duration":null,"failureDetails":[],"failureMessages":[],"fullName":"Business Logic - Ranking System Empate en ventas mantiene orden de primero en llegar","invocations":1,"location":null,"numPassingAsserts":0,"retryReasons":[],"status":"pending","title":"Empate en ventas mantiene orden de primero en llegar"},{"ancestorTitles":["Business Logic - Payment Status"],"duration":null,"failureDetails":[],"failureMessages":[],"fullName":"Business Logic - Payment Status Venta nueva debe tener status \"pendiente\"","invocations":1,"location":null,"numPassingAsserts":0,"retryReasons":[],"status":"pending","title":"Venta nueva debe tener status \"pendiente\""},{"ancestorTitles":["Business Logic - Payment Status"],"duration":null,"failureDetails":[],"failureMessages":[],"fullName":"Business Logic - Payment Status Venta confirmada debe tener status \"confirmado\"","invocations":1,"location":null,"numPassingAsserts":0,"retryReasons":[],"status":"pending","title":"Venta confirmada debe tener status \"confirmado\""},{"ancestorTitles":["Business Logic - Payment Status"],"duration":null,"failureDetails":[],"failureMessages":[],"fullName":"Business Logic - Payment Status Venta rechazada debe tener status \"rechazado\"","invocations":1,"location":null,"numPassingAsserts":0,"retryReasons":[],"status":"pending","title":"Venta rechazada debe tener status \"rechazado\""},{"ancestorTitles":["Business Logic - Payment Status"],"duration":null,"failureDetails":[],"failureMessages":[],"fullName":"Business Logic - Payment Status Solo estados válidos deben ser permitidos","invocations":1,"location":null,"numPassingAsserts":0,"retryReasons":[],"status":"pending","title":"Solo estados válidos deben ser permitidos"},{"ancestorTitles":["Business Logic - Payment Status"],"duration":null,"failureDetails":[],"failureMessages":[],"fullName":"Business Logic - Payment Status Estado inválido debe ser rechazado","invocations":1,"location":null,"numPassingAsserts":0,"retryReasons":[],"status":"pending","title":"Estado inválido debe ser rechazado"}],"coverage":{},"endTime":1767670094160,"message":"","name":"C:\\Users\\sergu\\OneDrive\\Desktop\\landing essence\\react-tailwindcss\\server\\__tests__\\utils\\business-logic.test.js","startTime":1767670094160,"status":"skipped","summary":""},{"assertionResults":[{"ancestorTitles":["User Model - Creación y Validaciones"],"duration":null,"failureDetails":[],"failureMessages":[],"fullName":"User Model - Creación y Validaciones Debe crear usuario con campos válidos","invocations":1,"location":null,"numPassingAsserts":0,"retryReasons":[],"status":"pending","title":"Debe crear usuario con campos válidos"},{"ancestorTitles":["User Model - Creación y Validaciones"],"duration":null,"failureDetails":[],"failureMessages":[],"fullName":"User Model - Creación y Validaciones Debe guardar contraseña tal cual si se crea directo en el modelo","invocations":1,"location":null,"numPassingAsserts":0,"retryReasons":[],"status":"pending","title":"Debe guardar contraseña tal cual si se crea directo en el modelo"},{"ancestorTitles":["User Model - Creación y Validaciones"],"duration":null,"failureDetails":[],"failureMessages":[],"fullName":"User Model - Creación y Validaciones Debe requerir campos obligatorios","invocations":1,"location":null,"numPassingAsserts":0,"retryReasons":[],"status":"pending","title":"Debe requerir campos obligatorios"},{"ancestorTitles":["User Model - Creación y Validaciones"],"duration":null,"failureDetails":[],"failureMessages":[],"fullName":"User Model - Creación y Validaciones Email debe ser único","invocations":1,"location":null,"numPassingAsserts":0,"retryReasons":[],"status":"pending","title":"Email debe ser único"},{"ancestorTitles":["User Model - Creación y Validaciones"],"duration":null,"failureDetails":[],"failureMessages":[],"fullName":"User Model - Creación y Validaciones Debe validar formato de email","invocations":1,"location":null,"numPassingAsserts":0,"retryReasons":[],"status":"pending","title":"Debe validar formato de email"},{"ancestorTitles":["User Model - Roles"],"duration":null,"failureDetails":[],"failureMessages":[],"fullName":"User Model - Roles Debe aceptar role \"admin\"","invocations":1,"location":null,"numPassingAsserts":0,"retryReasons":[],"status":"pending","title":"Debe aceptar role \"admin\""},{"ancestorTitles":["User Model - Roles"],"duration":null,"failureDetails":[],"failureMessages":[],"fullName":"User Model - Roles Debe aceptar role \"distribuidor\"","invocations":1,"location":null,"numPassingAsserts":0,"retryReasons":[],"status":"pending","title":"Debe aceptar role \"distribuidor\""},{"ancestorTitles":["User Model - Roles"],"duration":null,"failureDetails":[],"failureMessages":[],"fullName":"User Model - Roles Debe tener role por defecto \"distribuidor\"","invocations":1,"location":null,"numPassingAsserts":0,"retryReasons":[],"status":"pending","title":"Debe tener role por defecto \"distribuidor\""},{"ancestorTitles":["User Model - Roles"],"duration":null,"failureDetails":[],"failureMessages":[],"fullName":"User Model - Roles No debe aceptar roles inválidos","invocations":1,"location":null,"numPassingAsserts":0,"retryReasons":[],"status":"pending","title":"No debe aceptar roles inválidos"},{"ancestorTitles":["User Model - Información Adicional"],"duration":null,"failureDetails":[],"failureMessages":[],"fullName":"User Model - Información Adicional Debe guardar información de contacto opcional","invocations":1,"location":null,"numPassingAsserts":0,"retryReasons":[],"status":"pending","title":"Debe guardar información de contacto opcional"},{"ancestorTitles":["User Model - Información Adicional"],"duration":null,"failureDetails":[],"failureMessages":[],"fullName":"User Model - Información Adicional Debe manejar campos opcionales vacíos","invocations":1,"location":null,"numPassingAsserts":0,"retryReasons":[],"status":"pending","title":"Debe manejar campos opcionales vacíos"},{"ancestorTitles":["User Model - Información Adicional"],"duration":null,"failureDetails":[],"failureMessages":[],"fullName":"User Model - Información Adicional Debe tener isActive en true por defecto","invocations":1,"location":null,"numPassingAsserts":0,"retryReasons":[],"status":"pending","title":"Debe tener isActive en true por defecto"},{"ancestorTitles":["User Model - Información Adicional"],"duration":null,"failureDetails":[],"failureMessages":[],"fullName":"User Model - Información Adicional Debe poder desactivar usuario","invocations":1,"location":null,"numPassingAsserts":0,"retryReasons":[],"status":"pending","title":"Debe poder desactivar usuario"},{"ancestorTitles":["User Model - Timestamps"],"duration":null,"failureDetails":[],"failureMessages":[],"fullName":"User Model - Timestamps Debe agregar createdAt automáticamente","invocations":1,"location":null,"numPassingAsserts":0,"retryReasons":[],"status":"pending","title":"Debe agregar createdAt automáticamente"},{"ancestorTitles":["User Model - Timestamps"],"duration":null,"failureDetails":[],"failureMessages":[],"fullName":"User Model - Timestamps Debe agregar updatedAt automáticamente","invocations":1,"location":null,"numPassingAsserts":0,"retryReasons":[],"status":"pending","title":"Debe agregar updatedAt automáticamente"},{"ancestorTitles":["User Model - Timestamps"],"duration":null,"failureDetails":[],"failureMessages":[],"fullName":"User Model - Timestamps updatedAt debe cambiar al actualizar usuario","invocations":1,"location":null,"numPassingAsserts":0,"retryReasons":[],"status":"pending","title":"updatedAt debe cambiar al actualizar usuario"}],"coverage":{},"endTime":1767670094160,"message":"","name":"C:\\Users\\sergu\\OneDrive\\Desktop\\landing essence\\react-tailwindcss\\server\\__tests__\\models\\User.test.js","startTime":1767670094160,"status":"skipped","summary":""},{"assertionResults":[{"ancestorTitles":["Auth Middleware - Token Validation"],"duration":null,"failureDetails":[],"failureMessages":[],"fullName":"Auth Middleware - Token Validation Debe generar token JWT válido","invocations":1,"location":null,"numPassingAsserts":0,"retryReasons":[],"status":"pending","title":"Debe generar token JWT válido"},{"ancestorTitles":["Auth Middleware - Token Validation"],"duration":null,"failureDetails":[],"failureMessages":[],"fullName":"Auth Middleware - Token Validation Debe verificar token válido correctamente","invocations":1,"location":null,"numPassingAsserts":0,"retryReasons":[],"status":"pending","title":"Debe verificar token válido correctamente"},{"ancestorTitles":["Auth Middleware - Token Validation"],"duration":null,"failureDetails":[],"failureMessages":[],"fullName":"Auth Middleware - Token Validation Debe rechazar token inválido","invocations":1,"location":null,"numPassingAsserts":0,"retryReasons":[],"status":"pending","title":"Debe rechazar token inválido"},{"ancestorTitles":["Auth Middleware - Token Validation"],"duration":null,"failureDetails":[],"failureMessages":[],"fullName":"Auth Middleware - Token Validation Debe rechazar token expirado","invocations":1,"location":null,"numPassingAsserts":0,"retryReasons":[],"status":"pending","title":"Debe rechazar token expirado"},{"ancestorTitles":["Auth Middleware - Token Validation"],"duration":null,"failureDetails":[],"failureMessages":[],"fullName":"Auth Middleware - Token Validation Debe incluir información de usuario en token","invocations":1,"location":null,"numPassingAsserts":0,"retryReasons":[],"status":"pending","title":"Debe incluir información de usuario en token"},{"ancestorTitles":["Auth Middleware - Role Validation"],"duration":null,"failureDetails":[],"failureMessages":[],"fullName":"Auth Middleware - Role Validation Debe validar role de admin","invocations":1,"location":null,"numPassingAsserts":0,"retryReasons":[],"status":"pending","title":"Debe validar role de admin"},{"ancestorTitles":["Auth Middleware - Role Validation"],"duration":null,"failureDetails":[],"failureMessages":[],"fullName":"Auth Middleware - Role Validation Debe validar role de distribuidor","invocations":1,"location":null,"numPassingAsserts":0,"retryReasons":[],"status":"pending","title":"Debe validar role de distribuidor"},{"ancestorTitles":["Auth Middleware - Role Validation"],"duration":null,"failureDetails":[],"failureMessages":[],"fullName":"Auth Middleware - Role Validation Admin debe tener acceso a rutas de admin","invocations":1,"location":null,"numPassingAsserts":0,"retryReasons":[],"status":"pending","title":"Admin debe tener acceso a rutas de admin"},{"ancestorTitles":["Auth Middleware - Role Validation"],"duration":null,"failureDetails":[],"failureMessages":[],"fullName":"Auth Middleware - Role Validation Distribuidor no debe tener acceso a rutas de admin","invocations":1,"location":null,"numPassingAsserts":0,"retryReasons":[],"status":"pending","title":"Distribuidor no debe tener acceso a rutas de admin"},{"ancestorTitles":["Auth Middleware - Role Validation"],"duration":null,"failureDetails":[],"failureMessages":[],"fullName":"Auth Middleware - Role Validation Ambos roles deben tener acceso a rutas compartidas","invocations":1,"location":null,"numPassingAsserts":0,"retryReasons":[],"status":"pending","title":"Ambos roles deben tener acceso a rutas compartidas"},{"ancestorTitles":["Auth Middleware - Request Headers"],"duration":null,"failureDetails":[],"failureMessages":[],"fullName":"Auth Middleware - Request Headers Debe extraer token del header Authorization","invocations":1,"location":null,"numPassingAsserts":0,"retryReasons":[],"status":"pending","title":"Debe extraer token del header Authorization"},{"ancestorTitles":["Auth Middleware - Request Headers"],"duration":null,"failureDetails":[],"failureMessages":[],"fullName":"Auth Middleware - Request Headers Debe rechazar request sin header Authorization","invocations":1,"location":null,"numPassingAsserts":0,"retryReasons":[],"status":"pending","title":"Debe rechazar request sin header Authorization"},{"ancestorTitles":["Auth Middleware - Request Headers"],"duration":null,"failureDetails":[],"failureMessages":[],"fullName":"Auth Middleware - Request Headers Debe rechazar header Authorization sin Bearer","invocations":1,"location":null,"numPassingAsserts":0,"retryReasons":[],"status":"pending","title":"Debe rechazar header Authorization sin Bearer"},{"ancestorTitles":["Auth Middleware - Request Headers"],"duration":null,"failureDetails":[],"failureMessages":[],"fullName":"Auth Middleware - Request Headers Debe manejar diferentes formatos de header","invocations":1,"location":null,"numPassingAsserts":0,"retryReasons":[],"status":"pending","title":"Debe manejar diferentes formatos de header"},{"ancestorTitles":["Auth Middleware - Password Security"],"duration":null,"failureDetails":[],"failureMessages":[],"fullName":"Auth Middleware - Password Security Password debe tener longitud mínima","invocations":1,"location":null,"numPassingAsserts":0,"retryReasons":[],"status":"pending","title":"Password debe tener longitud mínima"},{"ancestorTitles":["Auth Middleware - Password Security"],"duration":null,"failureDetails":[],"failureMessages":[],"fullName":"Auth Middleware - Password Security Password debe rechazar longitudes cortas","invocations":1,"location":null,"numPassingAsserts":0,"retryReasons":[],"status":"pending","title":"Password debe rechazar longitudes cortas"},{"ancestorTitles":["Auth Middleware - Password Security"],"duration":null,"failureDetails":[],"failureMessages":[],"fullName":"Auth Middleware - Password Security Email debe tener formato válido","invocations":1,"location":null,"numPassingAsserts":0,"retryReasons":[],"status":"pending","title":"Email debe tener formato válido"},{"ancestorTitles":["Auth Middleware - Password Security"],"duration":null,"failureDetails":[],"failureMessages":[],"fullName":"Auth Middleware - Password Security Email debe rechazar formatos inválidos","invocations":1,"location":null,"numPassingAsserts":0,"retryReasons":[],"status":"pending","title":"Email debe rechazar formatos inválidos"}],"coverage":{},"endTime":1767670094160,"message":"","name":"C:\\Users\\sergu\\OneDrive\\Desktop\\landing essence\\react-tailwindcss\\server\\__tests__\\middleware\\auth.middleware.test.js","startTime":1767670094160,"status":"skipped","summary":""},{"assertionResults":[{"ancestorTitles":["requirePermission middleware"],"duration":null,"failureDetails":[],"failureMessages":[],"fullName":"requirePermission middleware permite a super_admin sin membership","invocations":1,"location":null,"numPassingAsserts":0,"retryReasons":[],"status":"pending","title":"permite a super_admin sin membership"},{"ancestorTitles":["requirePermission middleware"],"duration":null,"failureDetails":[],"failureMessages":[],"fullName":"requirePermission middleware bloquea create de products a distribuidor sin override","invocations":1,"location":null,"numPassingAsserts":0,"retryReasons":[],"status":"pending","title":"bloquea create de products a distribuidor sin override"},{"ancestorTitles":["requirePermission middleware"],"duration":null,"failureDetails":[],"failureMessages":[],"fullName":"requirePermission middleware permite create de products cuando hay override","invocations":1,"location":null,"numPassingAsserts":0,"retryReasons":[],"status":"pending","title":"permite create de products cuando hay override"},{"ancestorTitles":["requirePermission middleware"],"duration":null,"failureDetails":[],"failureMessages":[],"fullName":"requirePermission middleware respeta allowedBranches cuando se envía branch fuera de alcance","invocations":1,"location":null,"numPassingAsserts":0,"retryReasons":[],"status":"pending","title":"respeta allowedBranches cuando se envía branch fuera de alcance"}],"coverage":{},"endTime":1767670094160,"message":"","name":"C:\\Users\\sergu\\OneDrive\\Desktop\\landing essence\\react-tailwindcss\\server\\__tests__\\middleware\\requirePermission.test.js","startTime":1767670094160,"status":"skipped","summary":""},{"assertionResults":[{"ancestorTitles":["Sale Model - Generación de saleId"],"duration":null,"failureDetails":[],"failureMessages":[],"fullName":"Sale Model - Generación de saleId Debe generar saleId automáticamente con formato SALE-YYYYMMDD-HHMMSS-XXXXXX","invocations":1,"location":null,"numPassingAsserts":0,"retryReasons":[],"status":"pending","title":"Debe generar saleId automáticamente con formato SALE-YYYYMMDD-HHMMSS-XXXXXX"},{"ancestorTitles":["Sale Model - Generación de saleId"],"duration":null,"failureDetails":[],"failureMessages":[],"fullName":"Sale Model - Generación de saleId Debe generar saleId únicos en ventas consecutivas","invocations":1,"location":null,"numPassingAsserts":0,"retryReasons":[],"status":"pending","title":"Debe generar saleId únicos en ventas consecutivas"},{"ancestorTitles":["Sale Model - Cálculo de ganancias"],"duration":null,"failureDetails":[],"failureMessages":[],"fullName":"Sale Model - Cálculo de ganancias Debe calcular correctamente ganancia de distribuidor normal (20%)","invocations":1,"location":null,"numPassingAsserts":0,"retryReasons":[],"status":"pending","title":"Debe calcular correctamente ganancia de distribuidor normal (20%)"},{"ancestorTitles":["Sale Model - Cálculo de ganancias"],"duration":null,"failureDetails":[],"failureMessages":[],"fullName":"Sale Model - Cálculo de ganancias Debe calcular correctamente ganancia de distribuidor 1er lugar (25%)","invocations":1,"location":null,"numPassingAsserts":0,"retryReasons":[],"status":"pending","title":"Debe calcular correctamente ganancia de distribuidor 1er lugar (25%)"},{"ancestorTitles":["Sale Model - Cálculo de ganancias"],"duration":null,"failureDetails":[],"failureMessages":[],"fullName":"Sale Model - Cálculo de ganancias Debe calcular correctamente ganancia de distribuidor 2do lugar (23%)","invocations":1,"location":null,"numPassingAsserts":0,"retryReasons":[],"status":"pending","title":"Debe calcular correctamente ganancia de distribuidor 2do lugar (23%)"},{"ancestorTitles":["Sale Model - Cálculo de ganancias"],"duration":null,"failureDetails":[],"failureMessages":[],"fullName":"Sale Model - Cálculo de ganancias Debe calcular correctamente ganancia de distribuidor 3er lugar (21%)","invocations":1,"location":null,"numPassingAsserts":0,"retryReasons":[],"status":"pending","title":"Debe calcular correctamente ganancia de distribuidor 3er lugar (21%)"},{"ancestorTitles":["Sale Model - Cálculo de ganancias"],"duration":null,"failureDetails":[],"failureMessages":[],"fullName":"Sale Model - Cálculo de ganancias Debe calcular correctamente ganancia admin con distribuidor normal (20%)","invocations":1,"location":null,"numPassingAsserts":0,"retryReasons":[],"status":"pending","title":"Debe calcular correctamente ganancia admin con distribuidor normal (20%)"},{"ancestorTitles":["Sale Model - Cálculo de ganancias"],"duration":null,"failureDetails":[],"failureMessages":[],"fullName":"Sale Model - Cálculo de ganancias Debe calcular correctamente ganancia admin con distribuidor 1er lugar (25%)","invocations":1,"location":null,"numPassingAsserts":0,"retryReasons":[],"status":"pending","title":"Debe calcular correctamente ganancia admin con distribuidor 1er lugar (25%)"},{"ancestorTitles":["Sale Model - Cálculo de ganancias"],"duration":null,"failureDetails":[],"failureMessages":[],"fullName":"Sale Model - Cálculo de ganancias Debe calcular correctamente ganancia total (distribuidor + admin)","invocations":1,"location":null,"numPassingAsserts":0,"retryReasons":[],"status":"pending","title":"Debe calcular correctamente ganancia total (distribuidor + admin)"},{"ancestorTitles":["Sale Model - Cálculo de ganancias"],"duration":null,"failureDetails":[],"failureMessages":[],"fullName":"Sale Model - Cálculo de ganancias Debe calcular correctamente venta directa de admin (sin distribuidor)","invocations":1,"location":null,"numPassingAsserts":0,"retryReasons":[],"status":"pending","title":"Debe calcular correctamente venta directa de admin (sin distribuidor)"},{"ancestorTitles":["Sale Model - Validaciones"],"duration":null,"failureDetails":[],"failureMessages":[],"fullName":"Sale Model - Validaciones Debe requerir campos obligatorios","invocations":1,"location":null,"numPassingAsserts":0,"retryReasons":[],"status":"pending","title":"Debe requerir campos obligatorios"},{"ancestorTitles":["Sale Model - Validaciones"],"duration":136,"failureDetails":[],"failureMessages":[],"fullName":"Sale Model - Validaciones Debe aceptar distributorProfitPercentage válidos (0, 20, 21, 23, 25)","invocations":1,"location":null,"numPassingAsserts":5,"retryReasons":[],"status":"passed","title":"Debe aceptar distributorProfitPercentage válidos (0, 20, 21, 23, 25)"},{"ancestorTitles":["Sale Model - Validaciones"],"duration":null,"failureDetails":[],"failureMessages":[],"fullName":"Sale Model - Validaciones Debe tener status de pago por defecto \"pendiente\"","invocations":1,"location":null,"numPassingAsserts":0,"retryReasons":[],"status":"pending","title":"Debe tener status de pago por defecto \"pendiente\""}],"endTime":1767670090468,"message":"","name":"C:\\Users\\sergu\\OneDrive\\Desktop\\landing essence\\react-tailwindcss\\server\\__tests__\\models\\Sale.test.js","startTime":1767670089344,"status":"focused","summary":""},{"assertionResults":[{"ancestorTitles":["Product Model - Validaciones"],"duration":null,"failureDetails":[],"failureMessages":[],"fullName":"Product Model - Validaciones Debe crear producto con campos válidos","invocations":1,"location":null,"numPassingAsserts":0,"retryReasons":[],"status":"pending","title":"Debe crear producto con campos válidos"},{"ancestorTitles":["Product Model - Validaciones"],"duration":null,"failureDetails":[],"failureMessages":[],"fullName":"Product Model - Validaciones Debe requerir campos obligatorios","invocations":1,"location":null,"numPassingAsserts":0,"retryReasons":[],"status":"pending","title":"Debe requerir campos obligatorios"},{"ancestorTitles":["Product Model - Validaciones"],"duration":null,"failureDetails":[],"failureMessages":[],"fullName":"Product Model - Validaciones Debe calcular suggestedPrice automáticamente (30% sobre purchasePrice)","invocations":1,"location":null,"numPassingAsserts":0,"retryReasons":[],"status":"pending","title":"Debe calcular suggestedPrice automáticamente (30% sobre purchasePrice)"},{"ancestorTitles":["Product Model - Validaciones"],"duration":null,"failureDetails":[],"failureMessages":[],"fullName":"Product Model - Validaciones totalStock no puede ser negativo","invocations":1,"location":null,"numPassingAsserts":0,"retryReasons":[],"status":"pending","title":"totalStock no puede ser negativo"},{"ancestorTitles":["Product Model - Defaults"],"duration":null,"failureDetails":[],"failureMessages":[],"fullName":"Product Model - Defaults Debe tener defaults esperados","invocations":1,"location":null,"numPassingAsserts":0,"retryReasons":[],"status":"pending","title":"Debe tener defaults esperados"},{"ancestorTitles":["Product Model - Defaults"],"duration":null,"failureDetails":[],"failureMessages":[],"fullName":"Product Model - Defaults Debe poder actualizar stock correctamente","invocations":1,"location":null,"numPassingAsserts":0,"retryReasons":[],"status":"pending","title":"Debe poder actualizar stock correctamente"},{"ancestorTitles":["Product Model - Precios"],"duration":null,"failureDetails":[],"failureMessages":[],"fullName":"Product Model - Precios Debe calcular márgenes de ganancia correctamente","invocations":1,"location":null,"numPassingAsserts":0,"retryReasons":[],"status":"pending","title":"Debe calcular márgenes de ganancia correctamente"},{"ancestorTitles":["Product Model - Precios"],"duration":null,"failureDetails":[],"failureMessages":[],"fullName":"Product Model - Precios Debe permitir actualizar precios manteniendo lógica de negocio","invocations":1,"location":null,"numPassingAsserts":0,"retryReasons":[],"status":"pending","title":"Debe permitir actualizar precios manteniendo lógica de negocio"}],"coverage":{},"endTime":1767670094160,"message":"","name":"C:\\Users\\sergu\\OneDrive\\Desktop\\landing essence\\react-tailwindcss\\server\\__tests__\\models\\Product.test.js","startTime":1767670094160,"status":"skipped","summary":""},{"assertionResults":[{"ancestorTitles":["Sale Controller - registerSale Logic"],"duration":null,"failureDetails":[],"failureMessages":[],"fullName":"Sale Controller - registerSale Logic Debe crear venta y calcular distributorProfitPercentage correctamente","invocations":1,"location":null,"numPassingAsserts":0,"retryReasons":[],"status":"pending","title":"Debe crear venta y calcular distributorProfitPercentage correctamente"},{"ancestorTitles":["Sale Controller - registerSale Logic"],"duration":null,"failureDetails":[],"failureMessages":[],"fullName":"Sale Controller - registerSale Logic Debe calcular bonus para distribuidor en 1er lugar","invocations":1,"location":null,"numPassingAsserts":0,"retryReasons":[],"status":"pending","title":"Debe calcular bonus para distribuidor en 1er lugar"},{"ancestorTitles":["Sale Controller - registerSale Logic"],"duration":null,"failureDetails":[],"failureMessages":[],"fullName":"Sale Controller - registerSale Logic Debe retornar bonus 0 para distribuidor sin ventas","invocations":1,"location":null,"numPassingAsserts":0,"retryReasons":[],"status":"pending","title":"Debe retornar bonus 0 para distribuidor sin ventas"},{"ancestorTitles":["Sale Controller - registerSale Logic"],"duration":null,"failureDetails":[],"failureMessages":[],"fullName":"Sale Controller - registerSale Logic Venta de admin debe tener distributorProfitPercentage = 0","invocations":1,"location":null,"numPassingAsserts":0,"retryReasons":[],"status":"pending","title":"Venta de admin debe tener distributorProfitPercentage = 0"},{"ancestorTitles":["Sale Controller - deleteSale restores inventory"],"duration":null,"failureDetails":[],"failureMessages":[],"fullName":"Sale Controller - deleteSale restores inventory Debe restaurar stock del producto y del distribuidor al eliminar una venta","invocations":1,"location":null,"numPassingAsserts":0,"retryReasons":[],"status":"pending","title":"Debe restaurar stock del producto y del distribuidor al eliminar una venta"},{"ancestorTitles":["Sale Controller - Ranking System"],"duration":null,"failureDetails":[],"failureMessages":[],"fullName":"Sale Controller - Ranking System Debe calcular rankings correctamente según ventas totales","invocations":1,"location":null,"numPassingAsserts":0,"retryReasons":[],"status":"pending","title":"Debe calcular rankings correctamente según ventas totales"},{"ancestorTitles":["Sale Controller - Ranking System"],"duration":null,"failureDetails":[],"failureMessages":[],"fullName":"Sale Controller - Ranking System Solo ventas confirmadas deben contar para ranking","invocations":1,"location":null,"numPassingAsserts":0,"retryReasons":[],"status":"pending","title":"Solo ventas confirmadas deben contar para ranking"},{"ancestorTitles":["Sale Controller - Payment Status"],"duration":null,"failureDetails":[],"failureMessages":[],"fullName":"Sale Controller - Payment Status Venta de distribuidor debe iniciar con status \"pendiente\"","invocations":1,"location":null,"numPassingAsserts":0,"retryReasons":[],"status":"pending","title":"Venta de distribuidor debe iniciar con status \"pendiente\""},{"ancestorTitles":["Sale Controller - Payment Status"],"duration":null,"failureDetails":[],"failureMessages":[],"fullName":"Sale Controller - Payment Status Venta de admin debe tener status \"confirmado\" automáticamente","invocations":1,"location":null,"numPassingAsserts":0,"retryReasons":[],"status":"pending","title":"Venta de admin debe tener status \"confirmado\" automáticamente"},{"ancestorTitles":["Sale Controller - Payment Status"],"duration":null,"failureDetails":[],"failureMessages":[],"fullName":"Sale Controller - Payment Status Debe poder cambiar status de pendiente a confirmado","invocations":1,"location":null,"numPassingAsserts":0,"retryReasons":[],"status":"pending","title":"Debe poder cambiar status de pendiente a confirmado"}],"coverage":{},"endTime":1767670094160,"message":"","name":"C:\\Users\\sergu\\OneDrive\\Desktop\\landing essence\\react-tailwindcss\\server\\__tests__\\controllers\\sale.controller.test.js","startTime":1767670094160,"status":"skipped","summary":""},{"assertionResults":[{"ancestorTitles":["Stock Transfer Between Distributors Tests","POST /api/stock/transfer"],"duration":null,"failureDetails":[],"failureMessages":[],"fullName":"Stock Transfer Between Distributors Tests POST /api/stock/transfer debería transferir stock exitosamente entre distribuidores","invocations":1,"location":null,"numPassingAsserts":0,"retryReasons":[],"status":"pending","title":"debería transferir stock exitosamente entre distribuidores"},{"ancestorTitles":["Stock Transfer Between Distributors Tests","POST /api/stock/transfer"],"duration":null,"failureDetails":[],"failureMessages":[],"fullName":"Stock Transfer Between Distributors Tests POST /api/stock/transfer debería crear registro de auditoría","invocations":1,"location":null,"numPassingAsserts":0,"retryReasons":[],"status":"pending","title":"debería crear registro de auditoría"},{"ancestorTitles":["Stock Transfer Between Distributors Tests","POST /api/stock/transfer"],"duration":null,"failureDetails":[],"failureMessages":[],"fullName":"Stock Transfer Between Distributors Tests POST /api/stock/transfer debería asignar el producto al distribuidor destino si no lo tiene","invocations":1,"location":null,"numPassingAsserts":0,"retryReasons":[],"status":"pending","title":"debería asignar el producto al distribuidor destino si no lo tiene"},{"ancestorTitles":["Stock Transfer Between Distributors Tests","POST /api/stock/transfer"],"duration":null,"failureDetails":[],"failureMessages":[],"fullName":"Stock Transfer Between Distributors Tests POST /api/stock/transfer debería fallar si no hay stock suficiente","invocations":1,"location":null,"numPassingAsserts":0,"retryReasons":[],"status":"pending","title":"debería fallar si no hay stock suficiente"},{"ancestorTitles":["Stock Transfer Between Distributors Tests","POST /api/stock/transfer"],"duration":null,"failureDetails":[],"failureMessages":[],"fullName":"Stock Transfer Between Distributors Tests POST /api/stock/transfer debería fallar si se intenta transferir cantidad negativa o cero","invocations":1,"location":null,"numPassingAsserts":0,"retryReasons":[],"status":"pending","title":"debería fallar si se intenta transferir cantidad negativa o cero"},{"ancestorTitles":["Stock Transfer Between Distributors Tests","POST /api/stock/transfer"],"duration":null,"failureDetails":[],"failureMessages":[],"fullName":"Stock Transfer Between Distributors Tests POST /api/stock/transfer debería fallar si se intenta transferir a sí mismo","invocations":1,"location":null,"numPassingAsserts":0,"retryReasons":[],"status":"pending","title":"debería fallar si se intenta transferir a sí mismo"},{"ancestorTitles":["Stock Transfer Between Distributors Tests","POST /api/stock/transfer"],"duration":null,"failureDetails":[],"failureMessages":[],"fullName":"Stock Transfer Between Distributors Tests POST /api/stock/transfer debería fallar si el destinatario no es distribuidor","invocations":1,"location":null,"numPassingAsserts":0,"retryReasons":[],"status":"pending","title":"debería fallar si el destinatario no es distribuidor"},{"ancestorTitles":["Stock Transfer Between Distributors Tests","POST /api/stock/transfer"],"duration":null,"failureDetails":[],"failureMessages":[],"fullName":"Stock Transfer Between Distributors Tests POST /api/stock/transfer debería fallar si el producto no existe","invocations":1,"location":null,"numPassingAsserts":0,"retryReasons":[],"status":"pending","title":"debería fallar si el producto no existe"},{"ancestorTitles":["Stock Transfer Between Distributors Tests","POST /api/stock/transfer"],"duration":null,"failureDetails":[],"failureMessages":[],"fullName":"Stock Transfer Between Distributors Tests POST /api/stock/transfer debería fallar sin autenticación","invocations":1,"location":null,"numPassingAsserts":0,"retryReasons":[],"status":"pending","title":"debería fallar sin autenticación"},{"ancestorTitles":["Stock Transfer Between Distributors Tests","POST /api/stock/transfer"],"duration":null,"failureDetails":[],"failureMessages":[],"fullName":"Stock Transfer Between Distributors Tests POST /api/stock/transfer debería fallar si un admin intenta usar el endpoint","invocations":1,"location":null,"numPassingAsserts":0,"retryReasons":[],"status":"pending","title":"debería fallar si un admin intenta usar el endpoint"},{"ancestorTitles":["Stock Transfer Between Distributors Tests","POST /api/stock/transfer"],"duration":null,"failureDetails":[],"failureMessages":[],"fullName":"Stock Transfer Between Distributors Tests POST /api/stock/transfer debería fallar si faltan datos requeridos","invocations":1,"location":null,"numPassingAsserts":0,"retryReasons":[],"status":"pending","title":"debería fallar si faltan datos requeridos"},{"ancestorTitles":["Stock Transfer Between Distributors Tests","POST /api/stock/transfer"],"duration":null,"failureDetails":[],"failureMessages":[],"fullName":"Stock Transfer Between Distributors Tests POST /api/stock/transfer debería acumular stock si el destino ya tiene el producto","invocations":1,"location":null,"numPassingAsserts":0,"retryReasons":[],"status":"pending","title":"debería acumular stock si el destino ya tiene el producto"},{"ancestorTitles":["Stock Transfer Between Distributors Tests","POST /api/stock/transfer"],"duration":null,"failureDetails":[],"failureMessages":[],"fullName":"Stock Transfer Between Distributors Tests POST /api/stock/transfer debería manejar transferencias múltiples correctamente","invocations":1,"location":null,"numPassingAsserts":0,"retryReasons":[],"status":"pending","title":"debería manejar transferencias múltiples correctamente"},{"ancestorTitles":["Stock Transfer Between Distributors Tests","POST /api/stock/transfer"],"duration":null,"failureDetails":[],"failureMessages":[],"fullName":"Stock Transfer Between Distributors Tests POST /api/stock/transfer debería permitir transferir todo el stock disponible","invocations":1,"location":null,"numPassingAsserts":0,"retryReasons":[],"status":"pending","title":"debería permitir transferir todo el stock disponible"},{"ancestorTitles":["Stock Transfer Between Distributors Tests","Business Logic Edge Cases"],"duration":null,"failureDetails":[],"failureMessages":[],"fullName":"Stock Transfer Between Distributors Tests Business Logic Edge Cases debería mantener la integridad si ocurre un error durante la transacción","invocations":1,"location":null,"numPassingAsserts":0,"retryReasons":[],"status":"pending","title":"debería mantener la integridad si ocurre un error durante la transacción"}],"coverage":{},"endTime":1767670094160,"message":"","name":"C:\\Users\\sergu\\OneDrive\\Desktop\\landing essence\\react-tailwindcss\\server\\__tests__\\transferStock.test.js","startTime":1767670094160,"status":"skipped","summary":""},{"assertionResults":[{"ancestorTitles":["Providers API"],"duration":null,"failureDetails":[],"failureMessages":[],"fullName":"Providers API crea y lista proveedores","invocations":1,"location":null,"numPassingAsserts":0,"retryReasons":[],"status":"pending","title":"crea y lista proveedores"},{"ancestorTitles":["Providers API"],"duration":null,"failureDetails":[],"failureMessages":[],"fullName":"Providers API actualiza y elimina proveedor","invocations":1,"location":null,"numPassingAsserts":0,"retryReasons":[],"status":"pending","title":"actualiza y elimina proveedor"}],"coverage":{},"endTime":1767670094160,"message":"","name":"C:\\Users\\sergu\\OneDrive\\Desktop\\landing essence\\react-tailwindcss\\server\\__tests__\\providers.test.js","startTime":1767670094160,"status":"skipped","summary":""},{"assertionResults":[{"ancestorTitles":["Inventory receipts"],"duration":null,"failureDetails":[],"failureMessages":[],"fullName":"Inventory receipts registra entrada a sede y ajusta stock","invocations":1,"location":null,"numPassingAsserts":0,"retryReasons":[],"status":"pending","title":"registra entrada a sede y ajusta stock"},{"ancestorTitles":["Inventory receipts"],"duration":null,"failureDetails":[],"failureMessages":[],"fullName":"Inventory receipts registra entrada a bodega si no hay sede","invocations":1,"location":null,"numPassingAsserts":0,"retryReasons":[],"status":"pending","title":"registra entrada a bodega si no hay sede"},{"ancestorTitles":["Inventory receipts"],"duration":null,"failureDetails":[],"failureMessages":[],"fullName":"Inventory receipts lista las entradas filtradas por producto","invocations":1,"location":null,"numPassingAsserts":0,"retryReasons":[],"status":"pending","title":"lista las entradas filtradas por producto"}],"coverage":{},"endTime":1767670094160,"message":"","name":"C:\\Users\\sergu\\OneDrive\\Desktop\\landing essence\\react-tailwindcss\\server\\__tests__\\inventoryReceipts.test.js","startTime":1767670094160,"status":"skipped","summary":""},{"assertionResults":[{"ancestorTitles":["Distributor Catalog Endpoint Tests","GET /api/products/my-catalog"],"duration":null,"failureDetails":[],"failureMessages":[],"fullName":"Distributor Catalog Endpoint Tests GET /api/products/my-catalog debería devolver solo productos con stock > 0 del distribuidor","invocations":1,"location":null,"numPassingAsserts":0,"retryReasons":[],"status":"pending","title":"debería devolver solo productos con stock > 0 del distribuidor"},{"ancestorTitles":["Distributor Catalog Endpoint Tests","GET /api/products/my-catalog"],"duration":null,"failureDetails":[],"failureMessages":[],"fullName":"Distributor Catalog Endpoint Tests GET /api/products/my-catalog debería fallar si el usuario no es distribuidor","invocations":1,"location":null,"numPassingAsserts":0,"retryReasons":[],"status":"pending","title":"debería fallar si el usuario no es distribuidor"},{"ancestorTitles":["Distributor Catalog Endpoint Tests","GET /api/products/my-catalog"],"duration":null,"failureDetails":[],"failureMessages":[],"fullName":"Distributor Catalog Endpoint Tests GET /api/products/my-catalog debería fallar sin token de autenticación","invocations":1,"location":null,"numPassingAsserts":0,"retryReasons":[],"status":"pending","title":"debería fallar sin token de autenticación"},{"ancestorTitles":["Distributor Catalog Endpoint Tests","GET /api/products/my-catalog"],"duration":null,"failureDetails":[],"failureMessages":[],"fullName":"Distributor Catalog Endpoint Tests GET /api/products/my-catalog debería devolver array vacío si el distribuidor no tiene stock","invocations":1,"location":null,"numPassingAsserts":0,"retryReasons":[],"status":"pending","title":"debería devolver array vacío si el distribuidor no tiene stock"},{"ancestorTitles":["Distributor Catalog Endpoint Tests","GET /api/products/my-catalog"],"duration":null,"failureDetails":[],"failureMessages":[],"fullName":"Distributor Catalog Endpoint Tests GET /api/products/my-catalog debería incluir información de categoría en los productos","invocations":1,"location":null,"numPassingAsserts":0,"retryReasons":[],"status":"pending","title":"debería incluir información de categoría en los productos"},{"ancestorTitles":["Distributor Catalog Endpoint Tests","GET /api/products/my-catalog"],"duration":null,"failureDetails":[],"failureMessages":[],"fullName":"Distributor Catalog Endpoint Tests GET /api/products/my-catalog debería devolver productos con todas las propiedades necesarias","invocations":1,"location":null,"numPassingAsserts":0,"retryReasons":[],"status":"pending","title":"debería devolver productos con todas las propiedades necesarias"},{"ancestorTitles":["Distributor Catalog Endpoint Tests","Edge Cases"],"duration":null,"failureDetails":[],"failureMessages":[],"fullName":"Distributor Catalog Endpoint Tests Edge Cases debería manejar correctamente cuando un producto fue eliminado pero el stock persiste","invocations":1,"location":null,"numPassingAsserts":0,"retryReasons":[],"status":"pending","title":"debería manejar correctamente cuando un producto fue eliminado pero el stock persiste"}],"coverage":{},"endTime":1767670094160,"message":"","name":"C:\\Users\\sergu\\OneDrive\\Desktop\\landing essence\\react-tailwindcss\\server\\__tests__\\distributorCatalog.test.js","startTime":1767670094160,"status":"skipped","summary":""},{"assertionResults":[{"ancestorTitles":["businessContext middleware - owner_inactive"],"duration":null,"failureDetails":[],"failureMessages":[],"fullName":"businessContext middleware - owner_inactive permite acceso a distribuidor cuando el owner está activo","invocations":1,"location":null,"numPassingAsserts":0,"retryReasons":[],"status":"pending","title":"permite acceso a distribuidor cuando el owner está activo"},{"ancestorTitles":["businessContext middleware - owner_inactive"],"duration":null,"failureDetails":[],"failureMessages":[],"fullName":"businessContext middleware - owner_inactive bloquea distribuidor cuando el owner está inactivo","invocations":1,"location":null,"numPassingAsserts":0,"retryReasons":[],"status":"pending","title":"bloquea distribuidor cuando el owner está inactivo"}],"coverage":{},"endTime":1767670094160,"message":"","name":"C:\\Users\\sergu\\OneDrive\\Desktop\\landing essence\\react-tailwindcss\\server\\__tests__\\businessContext.test.js","startTime":1767670094160,"status":"skipped","summary":""},{"assertionResults":[{"ancestorTitles":["Branch transfers"],"duration":null,"failureDetails":[],"failureMessages":[],"fullName":"Branch transfers crea una transferencia y ajusta stocks","invocations":1,"location":null,"numPassingAsserts":0,"retryReasons":[],"status":"pending","title":"crea una transferencia y ajusta stocks"},{"ancestorTitles":["Branch transfers"],"duration":null,"failureDetails":[],"failureMessages":[],"fullName":"Branch transfers falla sin header x-business-id","invocations":1,"location":null,"numPassingAsserts":0,"retryReasons":[],"status":"pending","title":"falla sin header x-business-id"},{"ancestorTitles":["Branch transfers"],"duration":null,"failureDetails":[],"failureMessages":[],"fullName":"Branch transfers rechaza si no hay stock suficiente en la sede origen","invocations":1,"location":null,"numPassingAsserts":0,"retryReasons":[],"status":"pending","title":"rechaza si no hay stock suficiente en la sede origen"},{"ancestorTitles":["Branch transfers"],"duration":null,"failureDetails":[],"failureMessages":[],"fullName":"Branch transfers devuelve error si la sede no pertenece al negocio","invocations":1,"location":null,"numPassingAsserts":0,"retryReasons":[],"status":"pending","title":"devuelve error si la sede no pertenece al negocio"},{"ancestorTitles":["Branch transfers"],"duration":null,"failureDetails":[],"failureMessages":[],"fullName":"Branch transfers lista las transferencias creadas","invocations":1,"location":null,"numPassingAsserts":0,"retryReasons":[],"status":"pending","title":"lista las transferencias creadas"}],"coverage":{},"endTime":1767670094160,"message":"","name":"C:\\Users\\sergu\\OneDrive\\Desktop\\landing essence\\react-tailwindcss\\server\\__tests__\\branchTransfer.controller.test.js","startTime":1767670094160,"status":"skipped","summary":""}],"wasInterrupted":false}
