{"numFailedTestSuites":1,"numFailedTests":1,"numPassedTestSuites":9,"numPassedTests":129,"numPendingTestSuites":0,"numPendingTests":0,"numRuntimeErrorTestSuites":0,"numTodoTests":0,"numTotalTestSuites":10,"numTotalTests":130,"openHandles":[],"snapshot":{"added":0,"didUpdate":false,"failure":false,"filesAdded":0,"filesRemoved":0,"filesRemovedList":[],"filesUnmatched":0,"filesUpdated":0,"matched":0,"total":0,"unchecked":0,"uncheckedKeysByFile":[],"unmatched":0,"updated":0},"startTime":1767476162322,"success":false,"testResults":[{"assertionResults":[{"ancestorTitles":["Stock Transfer Between Distributors Tests","POST /api/stock/transfer"],"duration":84,"failureDetails":[],"failureMessages":[],"fullName":"Stock Transfer Between Distributors Tests POST /api/stock/transfer debería transferir stock exitosamente entre distribuidores","invocations":1,"location":null,"numPassingAsserts":8,"retryReasons":[],"status":"passed","title":"debería transferir stock exitosamente entre distribuidores"},{"ancestorTitles":["Stock Transfer Between Distributors Tests","POST /api/stock/transfer"],"duration":67,"failureDetails":[],"failureMessages":[],"fullName":"Stock Transfer Between Distributors Tests POST /api/stock/transfer debería crear registro de auditoría","invocations":1,"location":null,"numPassingAsserts":1,"retryReasons":[],"status":"passed","title":"debería crear registro de auditoría"},{"ancestorTitles":["Stock Transfer Between Distributors Tests","POST /api/stock/transfer"],"duration":66,"failureDetails":[],"failureMessages":[],"fullName":"Stock Transfer Between Distributors Tests POST /api/stock/transfer debería asignar el producto al distribuidor destino si no lo tiene","invocations":1,"location":null,"numPassingAsserts":2,"retryReasons":[],"status":"passed","title":"debería asignar el producto al distribuidor destino si no lo tiene"},{"ancestorTitles":["Stock Transfer Between Distributors Tests","POST /api/stock/transfer"],"duration":36,"failureDetails":[],"failureMessages":[],"fullName":"Stock Transfer Between Distributors Tests POST /api/stock/transfer debería fallar si no hay stock suficiente","invocations":1,"location":null,"numPassingAsserts":1,"retryReasons":[],"status":"passed","title":"debería fallar si no hay stock suficiente"},{"ancestorTitles":["Stock Transfer Between Distributors Tests","POST /api/stock/transfer"],"duration":39,"failureDetails":[],"failureMessages":[],"fullName":"Stock Transfer Between Distributors Tests POST /api/stock/transfer debería fallar si se intenta transferir cantidad negativa o cero","invocations":1,"location":null,"numPassingAsserts":2,"retryReasons":[],"status":"passed","title":"debería fallar si se intenta transferir cantidad negativa o cero"},{"ancestorTitles":["Stock Transfer Between Distributors Tests","POST /api/stock/transfer"],"duration":26,"failureDetails":[],"failureMessages":[],"fullName":"Stock Transfer Between Distributors Tests POST /api/stock/transfer debería fallar si se intenta transferir a sí mismo","invocations":1,"location":null,"numPassingAsserts":1,"retryReasons":[],"status":"passed","title":"debería fallar si se intenta transferir a sí mismo"},{"ancestorTitles":["Stock Transfer Between Distributors Tests","POST /api/stock/transfer"],"duration":32,"failureDetails":[],"failureMessages":[],"fullName":"Stock Transfer Between Distributors Tests POST /api/stock/transfer debería fallar si el destinatario no es distribuidor","invocations":1,"location":null,"numPassingAsserts":1,"retryReasons":[],"status":"passed","title":"debería fallar si el destinatario no es distribuidor"},{"ancestorTitles":["Stock Transfer Between Distributors Tests","POST /api/stock/transfer"],"duration":32,"failureDetails":[],"failureMessages":[],"fullName":"Stock Transfer Between Distributors Tests POST /api/stock/transfer debería fallar si el producto no existe","invocations":1,"location":null,"numPassingAsserts":1,"retryReasons":[],"status":"passed","title":"debería fallar si el producto no existe"},{"ancestorTitles":["Stock Transfer Between Distributors Tests","POST /api/stock/transfer"],"duration":19,"failureDetails":[],"failureMessages":[],"fullName":"Stock Transfer Between Distributors Tests POST /api/stock/transfer debería fallar sin autenticación","invocations":1,"location":null,"numPassingAsserts":1,"retryReasons":[],"status":"passed","title":"debería fallar sin autenticación"},{"ancestorTitles":["Stock Transfer Between Distributors Tests","POST /api/stock/transfer"],"duration":32,"failureDetails":[],"failureMessages":[],"fullName":"Stock Transfer Between Distributors Tests POST /api/stock/transfer debería fallar si un admin intenta usar el endpoint","invocations":1,"location":null,"numPassingAsserts":1,"retryReasons":[],"status":"passed","title":"debería fallar si un admin intenta usar el endpoint"},{"ancestorTitles":["Stock Transfer Between Distributors Tests","POST /api/stock/transfer"],"duration":53,"failureDetails":[],"failureMessages":[],"fullName":"Stock Transfer Between Distributors Tests POST /api/stock/transfer debería fallar si faltan datos requeridos","invocations":1,"location":null,"numPassingAsserts":3,"retryReasons":[],"status":"passed","title":"debería fallar si faltan datos requeridos"},{"ancestorTitles":["Stock Transfer Between Distributors Tests","POST /api/stock/transfer"],"duration":64,"failureDetails":[],"failureMessages":[],"fullName":"Stock Transfer Between Distributors Tests POST /api/stock/transfer debería acumular stock si el destino ya tiene el producto","invocations":1,"location":null,"numPassingAsserts":2,"retryReasons":[],"status":"passed","title":"debería acumular stock si el destino ya tiene el producto"},{"ancestorTitles":["Stock Transfer Between Distributors Tests","POST /api/stock/transfer"],"duration":108,"failureDetails":[],"failureMessages":[],"fullName":"Stock Transfer Between Distributors Tests POST /api/stock/transfer debería manejar transferencias múltiples correctamente","invocations":1,"location":null,"numPassingAsserts":2,"retryReasons":[],"status":"passed","title":"debería manejar transferencias múltiples correctamente"},{"ancestorTitles":["Stock Transfer Between Distributors Tests","POST /api/stock/transfer"],"duration":58,"failureDetails":[],"failureMessages":[],"fullName":"Stock Transfer Between Distributors Tests POST /api/stock/transfer debería permitir transferir todo el stock disponible","invocations":1,"location":null,"numPassingAsserts":2,"retryReasons":[],"status":"passed","title":"debería permitir transferir todo el stock disponible"},{"ancestorTitles":["Stock Transfer Between Distributors Tests","Business Logic Edge Cases"],"duration":26,"failureDetails":[{}],"failureMessages":["Error: expected 500 \"Internal Server Error\", got 400 \"Bad Request\"\n    at Object.<anonymous> (C:\\Users\\sergu\\OneDrive\\Desktop\\landing essence\\react-tailwindcss\\server\\__tests__\\transferStock.test.js:486:10)\n    at processTicksAndRejections (node:internal/process/task_queues:103:5)\n----\n    at Test._assertStatus (C:\\Users\\sergu\\OneDrive\\Desktop\\landing essence\\react-tailwindcss\\server\\node_modules\\supertest\\lib\\test.js:309:14)\n    at C:\\Users\\sergu\\OneDrive\\Desktop\\landing essence\\react-tailwindcss\\server\\node_modules\\supertest\\lib\\test.js:365:13\n    at Test._assertFunction (C:\\Users\\sergu\\OneDrive\\Desktop\\landing essence\\react-tailwindcss\\server\\node_modules\\supertest\\lib\\test.js:342:13)\n    at Test.assert (C:\\Users\\sergu\\OneDrive\\Desktop\\landing essence\\react-tailwindcss\\server\\node_modules\\supertest\\lib\\test.js:195:23)\n    at localAssert (C:\\Users\\sergu\\OneDrive\\Desktop\\landing essence\\react-tailwindcss\\server\\node_modules\\supertest\\lib\\test.js:138:14)\n    at Server.<anonymous> (C:\\Users\\sergu\\OneDrive\\Desktop\\landing essence\\react-tailwindcss\\server\\node_modules\\supertest\\lib\\test.js:152:11)\n    at Object.onceWrapper (node:events:622:28)\n    at Server.emit (node:events:508:28)\n    at emitCloseNT (node:net:2419:8)\n    at processTicksAndRejections (node:internal/process/task_queues:88:21)"],"fullName":"Stock Transfer Between Distributors Tests Business Logic Edge Cases debería mantener la integridad si ocurre un error durante la transacción","invocations":1,"location":null,"numPassingAsserts":0,"retryReasons":[],"status":"failed","title":"debería mantener la integridad si ocurre un error durante la transacción"}],"endTime":1767476166783,"message":"\u001b[1m\u001b[31m  \u001b[1m● \u001b[22m\u001b[1mStock Transfer Between Distributors Tests › Business Logic Edge Cases › debería mantener la integridad si ocurre un error durante la transacción\u001b[39m\u001b[22m\n\n    expected 500 \"Internal Server Error\", got 400 \"Bad Request\"\n\u001b[2m\u001b[22m\n\u001b[2m    \u001b[0m \u001b[90m 484 |\u001b[39m         \u001b[33m.\u001b[39m\u001b[36mset\u001b[39m(\u001b[32m\"Authorization\"\u001b[39m\u001b[33m,\u001b[39m \u001b[32m`Bearer ${dist1Token}`\u001b[39m)\u001b[22m\n\u001b[2m     \u001b[90m 485 |\u001b[39m         \u001b[33m.\u001b[39msend(transferData)\u001b[22m\n\u001b[2m    \u001b[31m\u001b[1m>\u001b[22m\u001b[2m\u001b[39m\u001b[90m 486 |\u001b[39m         \u001b[33m.\u001b[39mexpect(\u001b[35m500\u001b[39m)\u001b[33m;\u001b[39m\u001b[22m\n\u001b[2m     \u001b[90m     |\u001b[39m          \u001b[31m\u001b[1m^\u001b[22m\u001b[2m\u001b[39m\u001b[22m\n\u001b[2m     \u001b[90m 487 |\u001b[39m\u001b[22m\n\u001b[2m     \u001b[90m 488 |\u001b[39m       \u001b[90m// Verificar que el stock no cambió\u001b[39m\u001b[22m\n\u001b[2m     \u001b[90m 489 |\u001b[39m       \u001b[36mconst\u001b[39m finalDist1Stock \u001b[33m=\u001b[39m \u001b[36mawait\u001b[39m \u001b[33mDistributorStock\u001b[39m\u001b[33m.\u001b[39mfindOne({\u001b[0m\u001b[22m\n\u001b[2m\u001b[22m\n\u001b[2m      \u001b[2mat Object.<anonymous> (\u001b[22m\u001b[2m\u001b[0m\u001b[36m__tests__/transferStock.test.js\u001b[39m\u001b[0m\u001b[2m:486:10)\u001b[22m\u001b[2m\u001b[22m\n\u001b[2m      ----\u001b[22m\n\u001b[2m      \u001b[2mat Test._assertStatus (\u001b[22m\u001b[2m\u001b[0m\u001b[36mnode_modules/supertest/lib/test.js\u001b[39m\u001b[0m\u001b[2m:309:14)\u001b[22m\u001b[2m\u001b[22m\n\u001b[2m      \u001b[2mat \u001b[22m\u001b[2m\u001b[0m\u001b[36mnode_modules/supertest/lib/test.js\u001b[39m\u001b[0m\u001b[2m:365:13\u001b[22m\u001b[2m\u001b[22m\n\u001b[2m      \u001b[2mat Test._assertFunction (\u001b[22m\u001b[2m\u001b[0m\u001b[36mnode_modules/supertest/lib/test.js\u001b[39m\u001b[0m\u001b[2m:342:13)\u001b[22m\u001b[2m\u001b[22m\n\u001b[2m      \u001b[2mat Test.assert (\u001b[22m\u001b[2m\u001b[0m\u001b[36mnode_modules/supertest/lib/test.js\u001b[39m\u001b[0m\u001b[2m:195:23)\u001b[22m\u001b[2m\u001b[22m\n\u001b[2m      \u001b[2mat localAssert (\u001b[22m\u001b[2m\u001b[0m\u001b[36mnode_modules/supertest/lib/test.js\u001b[39m\u001b[0m\u001b[2m:138:14)\u001b[22m\u001b[2m\u001b[22m\n\u001b[2m      \u001b[2mat Server.<anonymous> (\u001b[22m\u001b[2m\u001b[0m\u001b[36mnode_modules/supertest/lib/test.js\u001b[39m\u001b[0m\u001b[2m:152:11)\u001b[22m\u001b[2m\u001b[22m\n","name":"C:\\Users\\sergu\\OneDrive\\Desktop\\landing essence\\react-tailwindcss\\server\\__tests__\\transferStock.test.js","startTime":1767476162413,"status":"failed","summary":""},{"assertionResults":[{"ancestorTitles":["Distributor Catalog Endpoint Tests","GET /api/products/my-catalog"],"duration":44,"failureDetails":[],"failureMessages":[],"fullName":"Distributor Catalog Endpoint Tests GET /api/products/my-catalog debería devolver solo productos con stock > 0 del distribuidor","invocations":1,"location":null,"numPassingAsserts":5,"retryReasons":[],"status":"passed","title":"debería devolver solo productos con stock > 0 del distribuidor"},{"ancestorTitles":["Distributor Catalog Endpoint Tests","GET /api/products/my-catalog"],"duration":16,"failureDetails":[],"failureMessages":[],"fullName":"Distributor Catalog Endpoint Tests GET /api/products/my-catalog debería fallar si el usuario no es distribuidor","invocations":1,"location":null,"numPassingAsserts":2,"retryReasons":[],"status":"passed","title":"debería fallar si el usuario no es distribuidor"},{"ancestorTitles":["Distributor Catalog Endpoint Tests","GET /api/products/my-catalog"],"duration":10,"failureDetails":[],"failureMessages":[],"fullName":"Distributor Catalog Endpoint Tests GET /api/products/my-catalog debería fallar sin token de autenticación","invocations":1,"location":null,"numPassingAsserts":1,"retryReasons":[],"status":"passed","title":"debería fallar sin token de autenticación"},{"ancestorTitles":["Distributor Catalog Endpoint Tests","GET /api/products/my-catalog"],"duration":184,"failureDetails":[],"failureMessages":[],"fullName":"Distributor Catalog Endpoint Tests GET /api/products/my-catalog debería devolver array vacío si el distribuidor no tiene stock","invocations":1,"location":null,"numPassingAsserts":2,"retryReasons":[],"status":"passed","title":"debería devolver array vacío si el distribuidor no tiene stock"},{"ancestorTitles":["Distributor Catalog Endpoint Tests","GET /api/products/my-catalog"],"duration":35,"failureDetails":[],"failureMessages":[],"fullName":"Distributor Catalog Endpoint Tests GET /api/products/my-catalog debería incluir información de categoría en los productos","invocations":1,"location":null,"numPassingAsserts":4,"retryReasons":[],"status":"passed","title":"debería incluir información de categoría en los productos"},{"ancestorTitles":["Distributor Catalog Endpoint Tests","GET /api/products/my-catalog"],"duration":31,"failureDetails":[],"failureMessages":[],"fullName":"Distributor Catalog Endpoint Tests GET /api/products/my-catalog debería devolver productos con todas las propiedades necesarias","invocations":1,"location":null,"numPassingAsserts":9,"retryReasons":[],"status":"passed","title":"debería devolver productos con todas las propiedades necesarias"},{"ancestorTitles":["Distributor Catalog Endpoint Tests","Edge Cases"],"duration":46,"failureDetails":[],"failureMessages":[],"fullName":"Distributor Catalog Endpoint Tests Edge Cases debería manejar correctamente cuando un producto fue eliminado pero el stock persiste","invocations":1,"location":null,"numPassingAsserts":2,"retryReasons":[],"status":"passed","title":"debería manejar correctamente cuando un producto fue eliminado pero el stock persiste"}],"endTime":1767476169633,"message":"","name":"C:\\Users\\sergu\\OneDrive\\Desktop\\landing essence\\react-tailwindcss\\server\\__tests__\\distributorCatalog.test.js","startTime":1767476166922,"status":"passed","summary":""},{"assertionResults":[{"ancestorTitles":["Branch transfers"],"duration":95,"failureDetails":[],"failureMessages":[],"fullName":"Branch transfers crea una transferencia y ajusta stocks","invocations":1,"location":null,"numPassingAsserts":5,"retryReasons":[],"status":"passed","title":"crea una transferencia y ajusta stocks"},{"ancestorTitles":["Branch transfers"],"duration":26,"failureDetails":[],"failureMessages":[],"fullName":"Branch transfers falla sin header x-business-id","invocations":1,"location":null,"numPassingAsserts":1,"retryReasons":[],"status":"passed","title":"falla sin header x-business-id"},{"ancestorTitles":["Branch transfers"],"duration":53,"failureDetails":[],"failureMessages":[],"fullName":"Branch transfers rechaza si no hay stock suficiente en la sede origen","invocations":1,"location":null,"numPassingAsserts":2,"retryReasons":[],"status":"passed","title":"rechaza si no hay stock suficiente en la sede origen"},{"ancestorTitles":["Branch transfers"],"duration":45,"failureDetails":[],"failureMessages":[],"fullName":"Branch transfers devuelve error si la sede no pertenece al negocio","invocations":1,"location":null,"numPassingAsserts":1,"retryReasons":[],"status":"passed","title":"devuelve error si la sede no pertenece al negocio"},{"ancestorTitles":["Branch transfers"],"duration":103,"failureDetails":[],"failureMessages":[],"fullName":"Branch transfers lista las transferencias creadas","invocations":1,"location":null,"numPassingAsserts":5,"retryReasons":[],"status":"passed","title":"lista las transferencias creadas"}],"endTime":1767476172269,"message":"","name":"C:\\Users\\sergu\\OneDrive\\Desktop\\landing essence\\react-tailwindcss\\server\\__tests__\\branchTransfer.controller.test.js","startTime":1767476169684,"status":"passed","summary":""},{"assertionResults":[{"ancestorTitles":["Sale Controller - registerSale Logic"],"duration":265,"failureDetails":[],"failureMessages":[],"fullName":"Sale Controller - registerSale Logic Debe crear venta y calcular distributorProfitPercentage correctamente","invocations":1,"location":null,"numPassingAsserts":2,"retryReasons":[],"status":"passed","title":"Debe crear venta y calcular distributorProfitPercentage correctamente"},{"ancestorTitles":["Sale Controller - registerSale Logic"],"duration":117,"failureDetails":[],"failureMessages":[],"fullName":"Sale Controller - registerSale Logic Debe calcular bonus para distribuidor en 1er lugar","invocations":1,"location":null,"numPassingAsserts":1,"retryReasons":[],"status":"passed","title":"Debe calcular bonus para distribuidor en 1er lugar"},{"ancestorTitles":["Sale Controller - registerSale Logic"],"duration":64,"failureDetails":[],"failureMessages":[],"fullName":"Sale Controller - registerSale Logic Debe retornar bonus 0 para distribuidor sin ventas","invocations":1,"location":null,"numPassingAsserts":1,"retryReasons":[],"status":"passed","title":"Debe retornar bonus 0 para distribuidor sin ventas"},{"ancestorTitles":["Sale Controller - registerSale Logic"],"duration":39,"failureDetails":[],"failureMessages":[],"fullName":"Sale Controller - registerSale Logic Venta de admin debe tener distributorProfitPercentage = 0","invocations":1,"location":null,"numPassingAsserts":3,"retryReasons":[],"status":"passed","title":"Venta de admin debe tener distributorProfitPercentage = 0"},{"ancestorTitles":["Sale Controller - deleteSale restores inventory"],"duration":91,"failureDetails":[],"failureMessages":[],"fullName":"Sale Controller - deleteSale restores inventory Debe restaurar stock del producto y del distribuidor al eliminar una venta","invocations":1,"location":null,"numPassingAsserts":4,"retryReasons":[],"status":"passed","title":"Debe restaurar stock del producto y del distribuidor al eliminar una venta"},{"ancestorTitles":["Sale Controller - Ranking System"],"duration":99,"failureDetails":[],"failureMessages":[],"fullName":"Sale Controller - Ranking System Debe calcular rankings correctamente según ventas totales","invocations":1,"location":null,"numPassingAsserts":4,"retryReasons":[],"status":"passed","title":"Debe calcular rankings correctamente según ventas totales"},{"ancestorTitles":["Sale Controller - Ranking System"],"duration":86,"failureDetails":[],"failureMessages":[],"fullName":"Sale Controller - Ranking System Solo ventas confirmadas deben contar para ranking","invocations":1,"location":null,"numPassingAsserts":2,"retryReasons":[],"status":"passed","title":"Solo ventas confirmadas deben contar para ranking"},{"ancestorTitles":["Sale Controller - Payment Status"],"duration":41,"failureDetails":[],"failureMessages":[],"fullName":"Sale Controller - Payment Status Venta de distribuidor debe iniciar con status \"pendiente\"","invocations":1,"location":null,"numPassingAsserts":1,"retryReasons":[],"status":"passed","title":"Venta de distribuidor debe iniciar con status \"pendiente\""},{"ancestorTitles":["Sale Controller - Payment Status"],"duration":43,"failureDetails":[],"failureMessages":[],"fullName":"Sale Controller - Payment Status Venta de admin debe tener status \"confirmado\" automáticamente","invocations":1,"location":null,"numPassingAsserts":3,"retryReasons":[],"status":"passed","title":"Venta de admin debe tener status \"confirmado\" automáticamente"},{"ancestorTitles":["Sale Controller - Payment Status"],"duration":52,"failureDetails":[],"failureMessages":[],"fullName":"Sale Controller - Payment Status Debe poder cambiar status de pendiente a confirmado","invocations":1,"location":null,"numPassingAsserts":2,"retryReasons":[],"status":"passed","title":"Debe poder cambiar status de pendiente a confirmado"}],"endTime":1767476174306,"message":"","name":"C:\\Users\\sergu\\OneDrive\\Desktop\\landing essence\\react-tailwindcss\\server\\__tests__\\controllers\\sale.controller.test.js","startTime":1767476172305,"status":"passed","summary":""},{"assertionResults":[{"ancestorTitles":["Sale Model - Generación de saleId"],"duration":132,"failureDetails":[],"failureMessages":[],"fullName":"Sale Model - Generación de saleId Debe generar saleId automáticamente con formato SALE-YYYYMMDD-HHMMSS-XXXXXX","invocations":1,"location":null,"numPassingAsserts":3,"retryReasons":[],"status":"passed","title":"Debe generar saleId automáticamente con formato SALE-YYYYMMDD-HHMMSS-XXXXXX"},{"ancestorTitles":["Sale Model - Generación de saleId"],"duration":70,"failureDetails":[],"failureMessages":[],"fullName":"Sale Model - Generación de saleId Debe generar saleId únicos en ventas consecutivas","invocations":1,"location":null,"numPassingAsserts":3,"retryReasons":[],"status":"passed","title":"Debe generar saleId únicos en ventas consecutivas"},{"ancestorTitles":["Sale Model - Cálculo de ganancias"],"duration":24,"failureDetails":[],"failureMessages":[],"fullName":"Sale Model - Cálculo de ganancias Debe calcular correctamente ganancia de distribuidor normal (20%)","invocations":1,"location":null,"numPassingAsserts":1,"retryReasons":[],"status":"passed","title":"Debe calcular correctamente ganancia de distribuidor normal (20%)"},{"ancestorTitles":["Sale Model - Cálculo de ganancias"],"duration":21,"failureDetails":[],"failureMessages":[],"fullName":"Sale Model - Cálculo de ganancias Debe calcular correctamente ganancia de distribuidor 1er lugar (25%)","invocations":1,"location":null,"numPassingAsserts":1,"retryReasons":[],"status":"passed","title":"Debe calcular correctamente ganancia de distribuidor 1er lugar (25%)"},{"ancestorTitles":["Sale Model - Cálculo de ganancias"],"duration":26,"failureDetails":[],"failureMessages":[],"fullName":"Sale Model - Cálculo de ganancias Debe calcular correctamente ganancia de distribuidor 2do lugar (23%)","invocations":1,"location":null,"numPassingAsserts":1,"retryReasons":[],"status":"passed","title":"Debe calcular correctamente ganancia de distribuidor 2do lugar (23%)"},{"ancestorTitles":["Sale Model - Cálculo de ganancias"],"duration":22,"failureDetails":[],"failureMessages":[],"fullName":"Sale Model - Cálculo de ganancias Debe calcular correctamente ganancia de distribuidor 3er lugar (21%)","invocations":1,"location":null,"numPassingAsserts":1,"retryReasons":[],"status":"passed","title":"Debe calcular correctamente ganancia de distribuidor 3er lugar (21%)"},{"ancestorTitles":["Sale Model - Cálculo de ganancias"],"duration":23,"failureDetails":[],"failureMessages":[],"fullName":"Sale Model - Cálculo de ganancias Debe calcular correctamente ganancia admin con distribuidor normal (20%)","invocations":1,"location":null,"numPassingAsserts":1,"retryReasons":[],"status":"passed","title":"Debe calcular correctamente ganancia admin con distribuidor normal (20%)"},{"ancestorTitles":["Sale Model - Cálculo de ganancias"],"duration":22,"failureDetails":[],"failureMessages":[],"fullName":"Sale Model - Cálculo de ganancias Debe calcular correctamente ganancia admin con distribuidor 1er lugar (25%)","invocations":1,"location":null,"numPassingAsserts":1,"retryReasons":[],"status":"passed","title":"Debe calcular correctamente ganancia admin con distribuidor 1er lugar (25%)"},{"ancestorTitles":["Sale Model - Cálculo de ganancias"],"duration":20,"failureDetails":[],"failureMessages":[],"fullName":"Sale Model - Cálculo de ganancias Debe calcular correctamente ganancia total (distribuidor + admin)","invocations":1,"location":null,"numPassingAsserts":1,"retryReasons":[],"status":"passed","title":"Debe calcular correctamente ganancia total (distribuidor + admin)"},{"ancestorTitles":["Sale Model - Cálculo de ganancias"],"duration":26,"failureDetails":[],"failureMessages":[],"fullName":"Sale Model - Cálculo de ganancias Debe calcular correctamente venta directa de admin (sin distribuidor)","invocations":1,"location":null,"numPassingAsserts":3,"retryReasons":[],"status":"passed","title":"Debe calcular correctamente venta directa de admin (sin distribuidor)"},{"ancestorTitles":["Sale Model - Validaciones"],"duration":21,"failureDetails":[],"failureMessages":[],"fullName":"Sale Model - Validaciones Debe requerir campos obligatorios","invocations":1,"location":null,"numPassingAsserts":1,"retryReasons":[],"status":"passed","title":"Debe requerir campos obligatorios"},{"ancestorTitles":["Sale Model - Validaciones"],"duration":42,"failureDetails":[],"failureMessages":[],"fullName":"Sale Model - Validaciones Debe aceptar distributorProfitPercentage válidos (0, 20, 21, 23, 25)","invocations":1,"location":null,"numPassingAsserts":5,"retryReasons":[],"status":"passed","title":"Debe aceptar distributorProfitPercentage válidos (0, 20, 21, 23, 25)"},{"ancestorTitles":["Sale Model - Validaciones"],"duration":24,"failureDetails":[],"failureMessages":[],"fullName":"Sale Model - Validaciones Debe tener status de pago por defecto \"pendiente\"","invocations":1,"location":null,"numPassingAsserts":1,"retryReasons":[],"status":"passed","title":"Debe tener status de pago por defecto \"pendiente\""}],"endTime":1767476175837,"message":"","name":"C:\\Users\\sergu\\OneDrive\\Desktop\\landing essence\\react-tailwindcss\\server\\__tests__\\models\\Sale.test.js","startTime":1767476174319,"status":"passed","summary":""},{"assertionResults":[{"ancestorTitles":["User Model - Creación y Validaciones"],"duration":51,"failureDetails":[],"failureMessages":[],"fullName":"User Model - Creación y Validaciones Debe crear usuario con campos válidos","invocations":1,"location":null,"numPassingAsserts":4,"retryReasons":[],"status":"passed","title":"Debe crear usuario con campos válidos"},{"ancestorTitles":["User Model - Creación y Validaciones"],"duration":8,"failureDetails":[],"failureMessages":[],"fullName":"User Model - Creación y Validaciones Debe guardar contraseña tal cual si se crea directo en el modelo","invocations":1,"location":null,"numPassingAsserts":1,"retryReasons":[],"status":"passed","title":"Debe guardar contraseña tal cual si se crea directo en el modelo"},{"ancestorTitles":["User Model - Creación y Validaciones"],"duration":7,"failureDetails":[],"failureMessages":[],"fullName":"User Model - Creación y Validaciones Debe requerir campos obligatorios","invocations":1,"location":null,"numPassingAsserts":1,"retryReasons":[],"status":"passed","title":"Debe requerir campos obligatorios"},{"ancestorTitles":["User Model - Creación y Validaciones"],"duration":23,"failureDetails":[],"failureMessages":[],"fullName":"User Model - Creación y Validaciones Email debe ser único","invocations":1,"location":null,"numPassingAsserts":1,"retryReasons":[],"status":"passed","title":"Email debe ser único"},{"ancestorTitles":["User Model - Creación y Validaciones"],"duration":7,"failureDetails":[],"failureMessages":[],"fullName":"User Model - Creación y Validaciones Debe validar formato de email","invocations":1,"location":null,"numPassingAsserts":1,"retryReasons":[],"status":"passed","title":"Debe validar formato de email"},{"ancestorTitles":["User Model - Roles"],"duration":18,"failureDetails":[],"failureMessages":[],"fullName":"User Model - Roles Debe aceptar role \"admin\"","invocations":1,"location":null,"numPassingAsserts":1,"retryReasons":[],"status":"passed","title":"Debe aceptar role \"admin\""},{"ancestorTitles":["User Model - Roles"],"duration":11,"failureDetails":[],"failureMessages":[],"fullName":"User Model - Roles Debe aceptar role \"distribuidor\"","invocations":1,"location":null,"numPassingAsserts":1,"retryReasons":[],"status":"passed","title":"Debe aceptar role \"distribuidor\""},{"ancestorTitles":["User Model - Roles"],"duration":11,"failureDetails":[],"failureMessages":[],"fullName":"User Model - Roles Debe tener role por defecto \"distribuidor\"","invocations":1,"location":null,"numPassingAsserts":1,"retryReasons":[],"status":"passed","title":"Debe tener role por defecto \"distribuidor\""},{"ancestorTitles":["User Model - Roles"],"duration":10,"failureDetails":[],"failureMessages":[],"fullName":"User Model - Roles No debe aceptar roles inválidos","invocations":1,"location":null,"numPassingAsserts":1,"retryReasons":[],"status":"passed","title":"No debe aceptar roles inválidos"},{"ancestorTitles":["User Model - Información Adicional"],"duration":13,"failureDetails":[],"failureMessages":[],"fullName":"User Model - Información Adicional Debe guardar información de contacto opcional","invocations":1,"location":null,"numPassingAsserts":2,"retryReasons":[],"status":"passed","title":"Debe guardar información de contacto opcional"},{"ancestorTitles":["User Model - Información Adicional"],"duration":36,"failureDetails":[],"failureMessages":[],"fullName":"User Model - Información Adicional Debe manejar campos opcionales vacíos","invocations":1,"location":null,"numPassingAsserts":2,"retryReasons":[],"status":"passed","title":"Debe manejar campos opcionales vacíos"},{"ancestorTitles":["User Model - Información Adicional"],"duration":11,"failureDetails":[],"failureMessages":[],"fullName":"User Model - Información Adicional Debe tener isActive en true por defecto","invocations":1,"location":null,"numPassingAsserts":1,"retryReasons":[],"status":"passed","title":"Debe tener isActive en true por defecto"},{"ancestorTitles":["User Model - Información Adicional"],"duration":22,"failureDetails":[],"failureMessages":[],"fullName":"User Model - Información Adicional Debe poder desactivar usuario","invocations":1,"location":null,"numPassingAsserts":1,"retryReasons":[],"status":"passed","title":"Debe poder desactivar usuario"},{"ancestorTitles":["User Model - Timestamps"],"duration":8,"failureDetails":[],"failureMessages":[],"fullName":"User Model - Timestamps Debe agregar createdAt automáticamente","invocations":1,"location":null,"numPassingAsserts":2,"retryReasons":[],"status":"passed","title":"Debe agregar createdAt automáticamente"},{"ancestorTitles":["User Model - Timestamps"],"duration":8,"failureDetails":[],"failureMessages":[],"fullName":"User Model - Timestamps Debe agregar updatedAt automáticamente","invocations":1,"location":null,"numPassingAsserts":2,"retryReasons":[],"status":"passed","title":"Debe agregar updatedAt automáticamente"},{"ancestorTitles":["User Model - Timestamps"],"duration":123,"failureDetails":[],"failureMessages":[],"fullName":"User Model - Timestamps updatedAt debe cambiar al actualizar usuario","invocations":1,"location":null,"numPassingAsserts":1,"retryReasons":[],"status":"passed","title":"updatedAt debe cambiar al actualizar usuario"}],"endTime":1767476177159,"message":"","name":"C:\\Users\\sergu\\OneDrive\\Desktop\\landing essence\\react-tailwindcss\\server\\__tests__\\models\\User.test.js","startTime":1767476175854,"status":"passed","summary":""},{"assertionResults":[{"ancestorTitles":["Product Model - Validaciones"],"duration":84,"failureDetails":[],"failureMessages":[],"fullName":"Product Model - Validaciones Debe crear producto con campos válidos","invocations":1,"location":null,"numPassingAsserts":5,"retryReasons":[],"status":"passed","title":"Debe crear producto con campos válidos"},{"ancestorTitles":["Product Model - Validaciones"],"duration":36,"failureDetails":[],"failureMessages":[],"fullName":"Product Model - Validaciones Debe requerir campos obligatorios","invocations":1,"location":null,"numPassingAsserts":1,"retryReasons":[],"status":"passed","title":"Debe requerir campos obligatorios"},{"ancestorTitles":["Product Model - Validaciones"],"duration":24,"failureDetails":[],"failureMessages":[],"fullName":"Product Model - Validaciones Debe calcular suggestedPrice automáticamente (30% sobre purchasePrice)","invocations":1,"location":null,"numPassingAsserts":1,"retryReasons":[],"status":"passed","title":"Debe calcular suggestedPrice automáticamente (30% sobre purchasePrice)"},{"ancestorTitles":["Product Model - Validaciones"],"duration":15,"failureDetails":[],"failureMessages":[],"fullName":"Product Model - Validaciones totalStock no puede ser negativo","invocations":1,"location":null,"numPassingAsserts":1,"retryReasons":[],"status":"passed","title":"totalStock no puede ser negativo"},{"ancestorTitles":["Product Model - Defaults"],"duration":24,"failureDetails":[],"failureMessages":[],"fullName":"Product Model - Defaults Debe tener defaults esperados","invocations":1,"location":null,"numPassingAsserts":4,"retryReasons":[],"status":"passed","title":"Debe tener defaults esperados"},{"ancestorTitles":["Product Model - Defaults"],"duration":32,"failureDetails":[],"failureMessages":[],"fullName":"Product Model - Defaults Debe poder actualizar stock correctamente","invocations":1,"location":null,"numPassingAsserts":1,"retryReasons":[],"status":"passed","title":"Debe poder actualizar stock correctamente"},{"ancestorTitles":["Product Model - Precios"],"duration":15,"failureDetails":[],"failureMessages":[],"fullName":"Product Model - Precios Debe calcular márgenes de ganancia correctamente","invocations":1,"location":null,"numPassingAsserts":2,"retryReasons":[],"status":"passed","title":"Debe calcular márgenes de ganancia correctamente"},{"ancestorTitles":["Product Model - Precios"],"duration":21,"failureDetails":[],"failureMessages":[],"fullName":"Product Model - Precios Debe permitir actualizar precios manteniendo lógica de negocio","invocations":1,"location":null,"numPassingAsserts":3,"retryReasons":[],"status":"passed","title":"Debe permitir actualizar precios manteniendo lógica de negocio"}],"endTime":1767476178463,"message":"","name":"C:\\Users\\sergu\\OneDrive\\Desktop\\landing essence\\react-tailwindcss\\server\\__tests__\\models\\Product.test.js","startTime":1767476177168,"status":"passed","summary":""},{"assertionResults":[{"ancestorTitles":["businessContext middleware - owner_inactive"],"duration":132,"failureDetails":[],"failureMessages":[],"fullName":"businessContext middleware - owner_inactive permite acceso a distribuidor cuando el owner está activo","invocations":1,"location":null,"numPassingAsserts":2,"retryReasons":[],"status":"passed","title":"permite acceso a distribuidor cuando el owner está activo"},{"ancestorTitles":["businessContext middleware - owner_inactive"],"duration":47,"failureDetails":[],"failureMessages":[],"fullName":"businessContext middleware - owner_inactive bloquea distribuidor cuando el owner está inactivo","invocations":1,"location":null,"numPassingAsserts":3,"retryReasons":[],"status":"passed","title":"bloquea distribuidor cuando el owner está inactivo"}],"endTime":1767476179617,"message":"","name":"C:\\Users\\sergu\\OneDrive\\Desktop\\landing essence\\react-tailwindcss\\server\\__tests__\\businessContext.test.js","startTime":1767476178468,"status":"passed","summary":""},{"assertionResults":[{"ancestorTitles":["Auth Middleware - Token Validation"],"duration":3,"failureDetails":[],"failureMessages":[],"fullName":"Auth Middleware - Token Validation Debe generar token JWT válido","invocations":1,"location":null,"numPassingAsserts":2,"retryReasons":[],"status":"passed","title":"Debe generar token JWT válido"},{"ancestorTitles":["Auth Middleware - Token Validation"],"duration":2,"failureDetails":[],"failureMessages":[],"fullName":"Auth Middleware - Token Validation Debe verificar token válido correctamente","invocations":1,"location":null,"numPassingAsserts":3,"retryReasons":[],"status":"passed","title":"Debe verificar token válido correctamente"},{"ancestorTitles":["Auth Middleware - Token Validation"],"duration":4,"failureDetails":[],"failureMessages":[],"fullName":"Auth Middleware - Token Validation Debe rechazar token inválido","invocations":1,"location":null,"numPassingAsserts":1,"retryReasons":[],"status":"passed","title":"Debe rechazar token inválido"},{"ancestorTitles":["Auth Middleware - Token Validation"],"duration":22,"failureDetails":[],"failureMessages":[],"fullName":"Auth Middleware - Token Validation Debe rechazar token expirado","invocations":1,"location":null,"numPassingAsserts":1,"retryReasons":[],"status":"passed","title":"Debe rechazar token expirado"},{"ancestorTitles":["Auth Middleware - Token Validation"],"duration":1,"failureDetails":[],"failureMessages":[],"fullName":"Auth Middleware - Token Validation Debe incluir información de usuario en token","invocations":1,"location":null,"numPassingAsserts":4,"retryReasons":[],"status":"passed","title":"Debe incluir información de usuario en token"},{"ancestorTitles":["Auth Middleware - Role Validation"],"duration":1,"failureDetails":[],"failureMessages":[],"fullName":"Auth Middleware - Role Validation Debe validar role de admin","invocations":1,"location":null,"numPassingAsserts":1,"retryReasons":[],"status":"passed","title":"Debe validar role de admin"},{"ancestorTitles":["Auth Middleware - Role Validation"],"duration":1,"failureDetails":[],"failureMessages":[],"fullName":"Auth Middleware - Role Validation Debe validar role de distribuidor","invocations":1,"location":null,"numPassingAsserts":1,"retryReasons":[],"status":"passed","title":"Debe validar role de distribuidor"},{"ancestorTitles":["Auth Middleware - Role Validation"],"duration":0,"failureDetails":[],"failureMessages":[],"fullName":"Auth Middleware - Role Validation Admin debe tener acceso a rutas de admin","invocations":1,"location":null,"numPassingAsserts":1,"retryReasons":[],"status":"passed","title":"Admin debe tener acceso a rutas de admin"},{"ancestorTitles":["Auth Middleware - Role Validation"],"duration":0,"failureDetails":[],"failureMessages":[],"fullName":"Auth Middleware - Role Validation Distribuidor no debe tener acceso a rutas de admin","invocations":1,"location":null,"numPassingAsserts":1,"retryReasons":[],"status":"passed","title":"Distribuidor no debe tener acceso a rutas de admin"},{"ancestorTitles":["Auth Middleware - Role Validation"],"duration":1,"failureDetails":[],"failureMessages":[],"fullName":"Auth Middleware - Role Validation Ambos roles deben tener acceso a rutas compartidas","invocations":1,"location":null,"numPassingAsserts":2,"retryReasons":[],"status":"passed","title":"Ambos roles deben tener acceso a rutas compartidas"},{"ancestorTitles":["Auth Middleware - Request Headers"],"duration":2,"failureDetails":[],"failureMessages":[],"fullName":"Auth Middleware - Request Headers Debe extraer token del header Authorization","invocations":1,"location":null,"numPassingAsserts":4,"retryReasons":[],"status":"passed","title":"Debe extraer token del header Authorization"},{"ancestorTitles":["Auth Middleware - Request Headers"],"duration":1,"failureDetails":[],"failureMessages":[],"fullName":"Auth Middleware - Request Headers Debe rechazar request sin header Authorization","invocations":1,"location":null,"numPassingAsserts":1,"retryReasons":[],"status":"passed","title":"Debe rechazar request sin header Authorization"},{"ancestorTitles":["Auth Middleware - Request Headers"],"duration":1,"failureDetails":[],"failureMessages":[],"fullName":"Auth Middleware - Request Headers Debe rechazar header Authorization sin Bearer","invocations":1,"location":null,"numPassingAsserts":1,"retryReasons":[],"status":"passed","title":"Debe rechazar header Authorization sin Bearer"},{"ancestorTitles":["Auth Middleware - Request Headers"],"duration":1,"failureDetails":[],"failureMessages":[],"fullName":"Auth Middleware - Request Headers Debe manejar diferentes formatos de header","invocations":1,"location":null,"numPassingAsserts":4,"retryReasons":[],"status":"passed","title":"Debe manejar diferentes formatos de header"},{"ancestorTitles":["Auth Middleware - Password Security"],"duration":1,"failureDetails":[],"failureMessages":[],"fullName":"Auth Middleware - Password Security Password debe tener longitud mínima","invocations":1,"location":null,"numPassingAsserts":3,"retryReasons":[],"status":"passed","title":"Password debe tener longitud mínima"},{"ancestorTitles":["Auth Middleware - Password Security"],"duration":1,"failureDetails":[],"failureMessages":[],"fullName":"Auth Middleware - Password Security Password debe rechazar longitudes cortas","invocations":1,"location":null,"numPassingAsserts":3,"retryReasons":[],"status":"passed","title":"Password debe rechazar longitudes cortas"},{"ancestorTitles":["Auth Middleware - Password Security"],"duration":1,"failureDetails":[],"failureMessages":[],"fullName":"Auth Middleware - Password Security Email debe tener formato válido","invocations":1,"location":null,"numPassingAsserts":3,"retryReasons":[],"status":"passed","title":"Email debe tener formato válido"},{"ancestorTitles":["Auth Middleware - Password Security"],"duration":1,"failureDetails":[],"failureMessages":[],"fullName":"Auth Middleware - Password Security Email debe rechazar formatos inválidos","invocations":1,"location":null,"numPassingAsserts":5,"retryReasons":[],"status":"passed","title":"Email debe rechazar formatos inválidos"}],"endTime":1767476179807,"message":"","name":"C:\\Users\\sergu\\OneDrive\\Desktop\\landing essence\\react-tailwindcss\\server\\__tests__\\middleware\\auth.middleware.test.js","startTime":1767476179624,"status":"passed","summary":""},{"assertionResults":[{"ancestorTitles":["Business Logic - Profit Calculations","Distributor Profit Percentage"],"duration":2,"failureDetails":[],"failureMessages":[],"fullName":"Business Logic - Profit Calculations Distributor Profit Percentage Distribuidor normal debe tener 20%","invocations":1,"location":null,"numPassingAsserts":1,"retryReasons":[],"status":"passed","title":"Distribuidor normal debe tener 20%"},{"ancestorTitles":["Business Logic - Profit Calculations","Distributor Profit Percentage"],"duration":0,"failureDetails":[],"failureMessages":[],"fullName":"Business Logic - Profit Calculations Distributor Profit Percentage Distribuidor 3er lugar debe tener 21%","invocations":1,"location":null,"numPassingAsserts":1,"retryReasons":[],"status":"passed","title":"Distribuidor 3er lugar debe tener 21%"},{"ancestorTitles":["Business Logic - Profit Calculations","Distributor Profit Percentage"],"duration":0,"failureDetails":[],"failureMessages":[],"fullName":"Business Logic - Profit Calculations Distributor Profit Percentage Distribuidor 2do lugar debe tener 23%","invocations":1,"location":null,"numPassingAsserts":1,"retryReasons":[],"status":"passed","title":"Distribuidor 2do lugar debe tener 23%"},{"ancestorTitles":["Business Logic - Profit Calculations","Distributor Profit Percentage"],"duration":1,"failureDetails":[],"failureMessages":[],"fullName":"Business Logic - Profit Calculations Distributor Profit Percentage Distribuidor 1er lugar debe tener 25%","invocations":1,"location":null,"numPassingAsserts":1,"retryReasons":[],"status":"passed","title":"Distribuidor 1er lugar debe tener 25%"},{"ancestorTitles":["Business Logic - Profit Calculations","Distributor Profit Percentage"],"duration":1,"failureDetails":[],"failureMessages":[],"fullName":"Business Logic - Profit Calculations Distributor Profit Percentage Admin debe tener 0%","invocations":1,"location":null,"numPassingAsserts":1,"retryReasons":[],"status":"passed","title":"Admin debe tener 0%"},{"ancestorTitles":["Business Logic - Profit Calculations","Profit Formulas - Normal (20%)"],"duration":0,"failureDetails":[],"failureMessages":[],"fullName":"Business Logic - Profit Calculations Profit Formulas - Normal (20%) Ganancia distribuidor = salePrice * 20% * quantity","invocations":1,"location":null,"numPassingAsserts":1,"retryReasons":[],"status":"passed","title":"Ganancia distribuidor = salePrice * 20% * quantity"},{"ancestorTitles":["Business Logic - Profit Calculations","Profit Formulas - Normal (20%)"],"duration":0,"failureDetails":[],"failureMessages":[],"fullName":"Business Logic - Profit Calculations Profit Formulas - Normal (20%) Pago distribuidor = salePrice * 80% * quantity","invocations":1,"location":null,"numPassingAsserts":1,"retryReasons":[],"status":"passed","title":"Pago distribuidor = salePrice * 80% * quantity"},{"ancestorTitles":["Business Logic - Profit Calculations","Profit Formulas - Normal (20%)"],"duration":1,"failureDetails":[],"failureMessages":[],"fullName":"Business Logic - Profit Calculations Profit Formulas - Normal (20%) Ganancia admin = (distributorPayment - cost) * quantity","invocations":1,"location":null,"numPassingAsserts":1,"retryReasons":[],"status":"passed","title":"Ganancia admin = (distributorPayment - cost) * quantity"},{"ancestorTitles":["Business Logic - Profit Calculations","Profit Formulas - Normal (20%)"],"duration":0,"failureDetails":[],"failureMessages":[],"fullName":"Business Logic - Profit Calculations Profit Formulas - Normal (20%) Ganancia total = distributorProfit + adminProfit","invocations":1,"location":null,"numPassingAsserts":1,"retryReasons":[],"status":"passed","title":"Ganancia total = distributorProfit + adminProfit"},{"ancestorTitles":["Business Logic - Profit Calculations","Profit Formulas - 1er Lugar (25%)"],"duration":0,"failureDetails":[],"failureMessages":[],"fullName":"Business Logic - Profit Calculations Profit Formulas - 1er Lugar (25%) Ganancia distribuidor = salePrice * 25% * quantity","invocations":1,"location":null,"numPassingAsserts":1,"retryReasons":[],"status":"passed","title":"Ganancia distribuidor = salePrice * 25% * quantity"},{"ancestorTitles":["Business Logic - Profit Calculations","Profit Formulas - 1er Lugar (25%)"],"duration":1,"failureDetails":[],"failureMessages":[],"fullName":"Business Logic - Profit Calculations Profit Formulas - 1er Lugar (25%) Pago distribuidor = salePrice * 75% * quantity","invocations":1,"location":null,"numPassingAsserts":1,"retryReasons":[],"status":"passed","title":"Pago distribuidor = salePrice * 75% * quantity"},{"ancestorTitles":["Business Logic - Profit Calculations","Profit Formulas - 1er Lugar (25%)"],"duration":1,"failureDetails":[],"failureMessages":[],"fullName":"Business Logic - Profit Calculations Profit Formulas - 1er Lugar (25%) Ganancia admin = (distributorPayment - cost) * quantity","invocations":1,"location":null,"numPassingAsserts":1,"retryReasons":[],"status":"passed","title":"Ganancia admin = (distributorPayment - cost) * quantity"},{"ancestorTitles":["Business Logic - Profit Calculations","Profit Formulas - 1er Lugar (25%)"],"duration":0,"failureDetails":[],"failureMessages":[],"fullName":"Business Logic - Profit Calculations Profit Formulas - 1er Lugar (25%) Ganancia total = distributorProfit + adminProfit","invocations":1,"location":null,"numPassingAsserts":1,"retryReasons":[],"status":"passed","title":"Ganancia total = distributorProfit + adminProfit"},{"ancestorTitles":["Business Logic - Profit Calculations","Profit Formulas - Admin Direct Sale"],"duration":1,"failureDetails":[],"failureMessages":[],"fullName":"Business Logic - Profit Calculations Profit Formulas - Admin Direct Sale Admin vende directamente - ganancia = (salePrice - cost) * quantity","invocations":1,"location":null,"numPassingAsserts":1,"retryReasons":[],"status":"passed","title":"Admin vende directamente - ganancia = (salePrice - cost) * quantity"},{"ancestorTitles":["Business Logic - Profit Calculations","Profit Formulas - Admin Direct Sale"],"duration":0,"failureDetails":[],"failureMessages":[],"fullName":"Business Logic - Profit Calculations Profit Formulas - Admin Direct Sale Admin vende directamente - distributorProfit = 0","invocations":1,"location":null,"numPassingAsserts":1,"retryReasons":[],"status":"passed","title":"Admin vende directamente - distributorProfit = 0"},{"ancestorTitles":["Business Logic - Profit Calculations","Profit Formulas - Admin Direct Sale"],"duration":0,"failureDetails":[],"failureMessages":[],"fullName":"Business Logic - Profit Calculations Profit Formulas - Admin Direct Sale Admin vende directamente - totalProfit = adminProfit","invocations":1,"location":null,"numPassingAsserts":1,"retryReasons":[],"status":"passed","title":"Admin vende directamente - totalProfit = adminProfit"},{"ancestorTitles":["Business Logic - Profit Calculations","Price Validations"],"duration":1,"failureDetails":[],"failureMessages":[],"fullName":"Business Logic - Profit Calculations Price Validations purchasePrice debe ser menor que distributorPrice","invocations":1,"location":null,"numPassingAsserts":1,"retryReasons":[],"status":"passed","title":"purchasePrice debe ser menor que distributorPrice"},{"ancestorTitles":["Business Logic - Profit Calculations","Price Validations"],"duration":0,"failureDetails":[],"failureMessages":[],"fullName":"Business Logic - Profit Calculations Price Validations distributorPrice debe ser menor que salePrice","invocations":1,"location":null,"numPassingAsserts":1,"retryReasons":[],"status":"passed","title":"distributorPrice debe ser menor que salePrice"},{"ancestorTitles":["Business Logic - Profit Calculations","Price Validations"],"duration":1,"failureDetails":[],"failureMessages":[],"fullName":"Business Logic - Profit Calculations Price Validations purchasePrice debe ser menor que salePrice","invocations":1,"location":null,"numPassingAsserts":1,"retryReasons":[],"status":"passed","title":"purchasePrice debe ser menor que salePrice"},{"ancestorTitles":["Business Logic - Profit Calculations","Price Validations"],"duration":1,"failureDetails":[],"failureMessages":[],"fullName":"Business Logic - Profit Calculations Price Validations Precios no pueden ser negativos","invocations":1,"location":null,"numPassingAsserts":3,"retryReasons":[],"status":"passed","title":"Precios no pueden ser negativos"},{"ancestorTitles":["Business Logic - Stock Management"],"duration":0,"failureDetails":[],"failureMessages":[],"fullName":"Business Logic - Stock Management Stock debe decrementar al hacer venta","invocations":1,"location":null,"numPassingAsserts":1,"retryReasons":[],"status":"passed","title":"Stock debe decrementar al hacer venta"},{"ancestorTitles":["Business Logic - Stock Management"],"duration":0,"failureDetails":[],"failureMessages":[],"fullName":"Business Logic - Stock Management Stock no puede ser negativo","invocations":1,"location":null,"numPassingAsserts":1,"retryReasons":[],"status":"passed","title":"Stock no puede ser negativo"},{"ancestorTitles":["Business Logic - Stock Management"],"duration":1,"failureDetails":[],"failureMessages":[],"fullName":"Business Logic - Stock Management Debe validar stock suficiente antes de venta","invocations":1,"location":null,"numPassingAsserts":1,"retryReasons":[],"status":"passed","title":"Debe validar stock suficiente antes de venta"},{"ancestorTitles":["Business Logic - Stock Management"],"duration":0,"failureDetails":[],"failureMessages":[],"fullName":"Business Logic - Stock Management Stock 0 significa producto no disponible","invocations":1,"location":null,"numPassingAsserts":1,"retryReasons":[],"status":"passed","title":"Stock 0 significa producto no disponible"},{"ancestorTitles":["Business Logic - Sale ID Format"],"duration":1,"failureDetails":[],"failureMessages":[],"fullName":"Business Logic - Sale ID Format saleId debe seguir formato VTA-YYYY-NNNN","invocations":1,"location":null,"numPassingAsserts":1,"retryReasons":[],"status":"passed","title":"saleId debe seguir formato VTA-YYYY-NNNN"},{"ancestorTitles":["Business Logic - Sale ID Format"],"duration":0,"failureDetails":[],"failureMessages":[],"fullName":"Business Logic - Sale ID Format saleId debe incluir año actual","invocations":1,"location":null,"numPassingAsserts":1,"retryReasons":[],"status":"passed","title":"saleId debe incluir año actual"},{"ancestorTitles":["Business Logic - Sale ID Format"],"duration":1,"failureDetails":[],"failureMessages":[],"fullName":"Business Logic - Sale ID Format saleId debe tener contador de 4 dígitos","invocations":1,"location":null,"numPassingAsserts":3,"retryReasons":[],"status":"passed","title":"saleId debe tener contador de 4 dígitos"},{"ancestorTitles":["Business Logic - Sale ID Format"],"duration":1,"failureDetails":[],"failureMessages":[],"fullName":"Business Logic - Sale ID Format saleId debe incrementar secuencialmente","invocations":1,"location":null,"numPassingAsserts":1,"retryReasons":[],"status":"passed","title":"saleId debe incrementar secuencialmente"},{"ancestorTitles":["Business Logic - Ranking System"],"duration":1,"failureDetails":[],"failureMessages":[],"fullName":"Business Logic - Ranking System Ranking debe basarse en ingresos totales","invocations":1,"location":null,"numPassingAsserts":3,"retryReasons":[],"status":"passed","title":"Ranking debe basarse en ingresos totales"},{"ancestorTitles":["Business Logic - Ranking System"],"duration":0,"failureDetails":[],"failureMessages":[],"fullName":"Business Logic - Ranking System Solo ventas confirmadas deben contar para ranking","invocations":1,"location":null,"numPassingAsserts":2,"retryReasons":[],"status":"passed","title":"Solo ventas confirmadas deben contar para ranking"},{"ancestorTitles":["Business Logic - Ranking System"],"duration":0,"failureDetails":[],"failureMessages":[],"fullName":"Business Logic - Ranking System Empate en ventas mantiene orden de primero en llegar","invocations":1,"location":null,"numPassingAsserts":1,"retryReasons":[],"status":"passed","title":"Empate en ventas mantiene orden de primero en llegar"},{"ancestorTitles":["Business Logic - Payment Status"],"duration":1,"failureDetails":[],"failureMessages":[],"fullName":"Business Logic - Payment Status Venta nueva debe tener status \"pendiente\"","invocations":1,"location":null,"numPassingAsserts":1,"retryReasons":[],"status":"passed","title":"Venta nueva debe tener status \"pendiente\""},{"ancestorTitles":["Business Logic - Payment Status"],"duration":0,"failureDetails":[],"failureMessages":[],"fullName":"Business Logic - Payment Status Venta confirmada debe tener status \"confirmado\"","invocations":1,"location":null,"numPassingAsserts":1,"retryReasons":[],"status":"passed","title":"Venta confirmada debe tener status \"confirmado\""},{"ancestorTitles":["Business Logic - Payment Status"],"duration":1,"failureDetails":[],"failureMessages":[],"fullName":"Business Logic - Payment Status Venta rechazada debe tener status \"rechazado\"","invocations":1,"location":null,"numPassingAsserts":1,"retryReasons":[],"status":"passed","title":"Venta rechazada debe tener status \"rechazado\""},{"ancestorTitles":["Business Logic - Payment Status"],"duration":0,"failureDetails":[],"failureMessages":[],"fullName":"Business Logic - Payment Status Solo estados válidos deben ser permitidos","invocations":1,"location":null,"numPassingAsserts":1,"retryReasons":[],"status":"passed","title":"Solo estados válidos deben ser permitidos"},{"ancestorTitles":["Business Logic - Payment Status"],"duration":0,"failureDetails":[],"failureMessages":[],"fullName":"Business Logic - Payment Status Estado inválido debe ser rechazado","invocations":1,"location":null,"numPassingAsserts":1,"retryReasons":[],"status":"passed","title":"Estado inválido debe ser rechazado"}],"endTime":1767476179956,"message":"","name":"C:\\Users\\sergu\\OneDrive\\Desktop\\landing essence\\react-tailwindcss\\server\\__tests__\\utils\\business-logic.test.js","startTime":1767476179819,"status":"passed","summary":""}],"wasInterrupted":false}
