{"numFailedTestSuites":1,"numFailedTests":1,"numPassedTestSuites":0,"numPassedTests":9,"numPendingTestSuites":0,"numPendingTests":0,"numRuntimeErrorTestSuites":0,"numTodoTests":0,"numTotalTestSuites":1,"numTotalTests":10,"openHandles":[],"snapshot":{"added":0,"didUpdate":false,"failure":false,"filesAdded":0,"filesRemoved":0,"filesRemovedList":[],"filesUnmatched":0,"filesUpdated":0,"matched":0,"total":0,"unchecked":0,"uncheckedKeysByFile":[],"unmatched":0,"updated":0},"startTime":1767671561580,"success":false,"testResults":[{"assertionResults":[{"ancestorTitles":["Sale Controller - registerSale Logic"],"duration":466,"failureDetails":[],"failureMessages":[],"fullName":"Sale Controller - registerSale Logic Debe crear venta y calcular distributorProfitPercentage correctamente","invocations":1,"location":null,"numPassingAsserts":2,"retryReasons":[],"status":"passed","title":"Debe crear venta y calcular distributorProfitPercentage correctamente"},{"ancestorTitles":["Sale Controller - registerSale Logic"],"duration":174,"failureDetails":[],"failureMessages":[],"fullName":"Sale Controller - registerSale Logic Debe calcular bonus para distribuidor en 1er lugar","invocations":1,"location":null,"numPassingAsserts":1,"retryReasons":[],"status":"passed","title":"Debe calcular bonus para distribuidor en 1er lugar"},{"ancestorTitles":["Sale Controller - registerSale Logic"],"duration":66,"failureDetails":[],"failureMessages":[],"fullName":"Sale Controller - registerSale Logic Debe retornar bonus 0 para distribuidor sin ventas","invocations":1,"location":null,"numPassingAsserts":1,"retryReasons":[],"status":"passed","title":"Debe retornar bonus 0 para distribuidor sin ventas"},{"ancestorTitles":["Sale Controller - registerSale Logic"],"duration":92,"failureDetails":[],"failureMessages":[],"fullName":"Sale Controller - registerSale Logic Venta de admin debe tener distributorProfitPercentage = 0","invocations":1,"location":null,"numPassingAsserts":3,"retryReasons":[],"status":"passed","title":"Venta de admin debe tener distributorProfitPercentage = 0"},{"ancestorTitles":["Sale Controller - deleteSale restores inventory"],"duration":112,"failureDetails":[{"matcherResult":{"actual":9,"expected":10,"message":"\u001b[2mexpect(\u001b[22m\u001b[31mreceived\u001b[39m\u001b[2m).\u001b[22mtoBe\u001b[2m(\u001b[22m\u001b[32mexpected\u001b[39m\u001b[2m) // Object.is equality\u001b[22m\n\nExpected: \u001b[32m10\u001b[39m\nReceived: \u001b[31m9\u001b[39m","name":"toBe","pass":false}}],"failureMessages":["Error: \u001b[2mexpect(\u001b[22m\u001b[31mreceived\u001b[39m\u001b[2m).\u001b[22mtoBe\u001b[2m(\u001b[22m\u001b[32mexpected\u001b[39m\u001b[2m) // Object.is equality\u001b[22m\n\nExpected: \u001b[32m10\u001b[39m\nReceived: \u001b[31m9\u001b[39m\n    at Object.<anonymous> (C:\\Users\\sergu\\OneDrive\\Desktop\\landing essence\\react-tailwindcss\\server\\__tests__\\controllers\\sale.controller.test.js:242:39)\n    at processTicksAndRejections (node:internal/process/task_queues:103:5)"],"fullName":"Sale Controller - deleteSale restores inventory Debe restaurar stock del producto y del distribuidor al eliminar una venta","invocations":1,"location":null,"numPassingAsserts":0,"retryReasons":[],"status":"failed","title":"Debe restaurar stock del producto y del distribuidor al eliminar una venta"},{"ancestorTitles":["Sale Controller - Ranking System"],"duration":178,"failureDetails":[],"failureMessages":[],"fullName":"Sale Controller - Ranking System Debe calcular rankings correctamente según ventas totales","invocations":1,"location":null,"numPassingAsserts":4,"retryReasons":[],"status":"passed","title":"Debe calcular rankings correctamente según ventas totales"},{"ancestorTitles":["Sale Controller - Ranking System"],"duration":108,"failureDetails":[],"failureMessages":[],"fullName":"Sale Controller - Ranking System Solo ventas confirmadas deben contar para ranking","invocations":1,"location":null,"numPassingAsserts":2,"retryReasons":[],"status":"passed","title":"Solo ventas confirmadas deben contar para ranking"},{"ancestorTitles":["Sale Controller - Payment Status"],"duration":70,"failureDetails":[],"failureMessages":[],"fullName":"Sale Controller - Payment Status Venta de distribuidor debe iniciar con status \"pendiente\"","invocations":1,"location":null,"numPassingAsserts":1,"retryReasons":[],"status":"passed","title":"Venta de distribuidor debe iniciar con status \"pendiente\""},{"ancestorTitles":["Sale Controller - Payment Status"],"duration":59,"failureDetails":[],"failureMessages":[],"fullName":"Sale Controller - Payment Status Venta de admin debe tener status \"confirmado\" automáticamente","invocations":1,"location":null,"numPassingAsserts":3,"retryReasons":[],"status":"passed","title":"Venta de admin debe tener status \"confirmado\" automáticamente"},{"ancestorTitles":["Sale Controller - Payment Status"],"duration":74,"failureDetails":[],"failureMessages":[],"fullName":"Sale Controller - Payment Status Debe poder cambiar status de pendiente a confirmado","invocations":1,"location":null,"numPassingAsserts":2,"retryReasons":[],"status":"passed","title":"Debe poder cambiar status de pendiente a confirmado"}],"endTime":1767671565390,"message":"\u001b[1m\u001b[31m  \u001b[1m● \u001b[22m\u001b[1mSale Controller - deleteSale restores inventory › Debe restaurar stock del producto y del distribuidor al eliminar una venta\u001b[39m\u001b[22m\n\n    \u001b[2mexpect(\u001b[22m\u001b[31mreceived\u001b[39m\u001b[2m).\u001b[22mtoBe\u001b[2m(\u001b[22m\u001b[32mexpected\u001b[39m\u001b[2m) // Object.is equality\u001b[22m\n\n    Expected: \u001b[32m10\u001b[39m\n    Received: \u001b[31m9\u001b[39m\n\u001b[2m\u001b[22m\n\u001b[2m    \u001b[0m \u001b[90m 240 |\u001b[39m     \u001b[36mconst\u001b[39m deletedSale \u001b[33m=\u001b[39m \u001b[36mawait\u001b[39m \u001b[33mSale\u001b[39m\u001b[33m.\u001b[39mfindById(sale\u001b[33m.\u001b[39m_id)\u001b[33m;\u001b[39m\u001b[22m\n\u001b[2m     \u001b[90m 241 |\u001b[39m\u001b[22m\n\u001b[2m    \u001b[31m\u001b[1m>\u001b[22m\u001b[2m\u001b[39m\u001b[90m 242 |\u001b[39m     expect(updatedProduct\u001b[33m.\u001b[39mtotalStock)\u001b[33m.\u001b[39mtoBe(\u001b[35m10\u001b[39m)\u001b[33m;\u001b[39m\u001b[22m\n\u001b[2m     \u001b[90m     |\u001b[39m                                       \u001b[31m\u001b[1m^\u001b[22m\u001b[2m\u001b[39m\u001b[22m\n\u001b[2m     \u001b[90m 243 |\u001b[39m     expect(updatedDistributorStock\u001b[33m.\u001b[39mquantity)\u001b[33m.\u001b[39mtoBe(\u001b[35m2\u001b[39m)\u001b[33m;\u001b[39m\u001b[22m\n\u001b[2m     \u001b[90m 244 |\u001b[39m     expect(deletedSale)\u001b[33m.\u001b[39mtoBeNull()\u001b[33m;\u001b[39m\u001b[22m\n\u001b[2m     \u001b[90m 245 |\u001b[39m     expect(res\u001b[33m.\u001b[39mjson)\u001b[33m.\u001b[39mtoHaveBeenCalledWith({\u001b[0m\u001b[22m\n\u001b[2m\u001b[22m\n\u001b[2m      \u001b[2mat Object.<anonymous> (\u001b[22m\u001b[2m\u001b[0m\u001b[36m__tests__/controllers/sale.controller.test.js\u001b[39m\u001b[0m\u001b[2m:242:39)\u001b[22m\u001b[2m\u001b[22m\n","name":"C:\\Users\\sergu\\OneDrive\\Desktop\\landing essence\\react-tailwindcss\\server\\__tests__\\controllers\\sale.controller.test.js","startTime":1767671561691,"status":"failed","summary":""}],"wasInterrupted":false}
