{"numFailedTestSuites":1,"numFailedTests":1,"numPassedTestSuites":16,"numPassedTests":158,"numPendingTestSuites":0,"numPendingTests":0,"numRuntimeErrorTestSuites":0,"numTodoTests":0,"numTotalTestSuites":17,"numTotalTests":159,"openHandles":[],"snapshot":{"added":0,"didUpdate":false,"failure":false,"filesAdded":0,"filesRemoved":0,"filesRemovedList":[],"filesUnmatched":0,"filesUpdated":0,"matched":0,"total":0,"unchecked":0,"uncheckedKeysByFile":[],"unmatched":0,"updated":0},"startTime":1767685918735,"success":false,"testResults":[{"assertionResults":[{"ancestorTitles":["Stock transfer between distributors - permissions"],"duration":482,"failureDetails":[],"failureMessages":[],"fullName":"Stock transfer between distributors - permissions rechaza a distribuidor sin permiso transfers/create","invocations":1,"location":null,"numPassingAsserts":1,"retryReasons":[],"status":"passed","title":"rechaza a distribuidor sin permiso transfers/create"},{"ancestorTitles":["Stock transfer between distributors - permissions"],"duration":2508,"failureDetails":[],"failureMessages":[],"fullName":"Stock transfer between distributors - permissions distribuidor con permiso transfers/create puede transferir","invocations":1,"location":null,"numPassingAsserts":1,"retryReasons":[],"status":"passed","title":"distribuidor con permiso transfers/create puede transferir"}],"endTime":1767685931270,"message":"","name":"C:\\Users\\sergu\\OneDrive\\Desktop\\landing essence\\react-tailwindcss\\server\\__tests__\\stock.transfer.permission.test.js","startTime":1767685918832,"status":"passed","summary":""},{"assertionResults":[{"ancestorTitles":["Stock Transfer Between Distributors Tests","POST /api/stock/transfer"],"duration":46,"failureDetails":[],"failureMessages":[],"fullName":"Stock Transfer Between Distributors Tests POST /api/stock/transfer debería transferir stock exitosamente entre distribuidores","invocations":1,"location":null,"numPassingAsserts":8,"retryReasons":[],"status":"passed","title":"debería transferir stock exitosamente entre distribuidores"},{"ancestorTitles":["Stock Transfer Between Distributors Tests","POST /api/stock/transfer"],"duration":31,"failureDetails":[],"failureMessages":[],"fullName":"Stock Transfer Between Distributors Tests POST /api/stock/transfer debería crear registro de auditoría","invocations":1,"location":null,"numPassingAsserts":1,"retryReasons":[],"status":"passed","title":"debería crear registro de auditoría"},{"ancestorTitles":["Stock Transfer Between Distributors Tests","POST /api/stock/transfer"],"duration":29,"failureDetails":[],"failureMessages":[],"fullName":"Stock Transfer Between Distributors Tests POST /api/stock/transfer debería asignar el producto al distribuidor destino si no lo tiene","invocations":1,"location":null,"numPassingAsserts":2,"retryReasons":[],"status":"passed","title":"debería asignar el producto al distribuidor destino si no lo tiene"},{"ancestorTitles":["Stock Transfer Between Distributors Tests","POST /api/stock/transfer"],"duration":21,"failureDetails":[],"failureMessages":[],"fullName":"Stock Transfer Between Distributors Tests POST /api/stock/transfer debería fallar si no hay stock suficiente","invocations":1,"location":null,"numPassingAsserts":1,"retryReasons":[],"status":"passed","title":"debería fallar si no hay stock suficiente"},{"ancestorTitles":["Stock Transfer Between Distributors Tests","POST /api/stock/transfer"],"duration":23,"failureDetails":[],"failureMessages":[],"fullName":"Stock Transfer Between Distributors Tests POST /api/stock/transfer debería fallar si se intenta transferir cantidad negativa o cero","invocations":1,"location":null,"numPassingAsserts":2,"retryReasons":[],"status":"passed","title":"debería fallar si se intenta transferir cantidad negativa o cero"},{"ancestorTitles":["Stock Transfer Between Distributors Tests","POST /api/stock/transfer"],"duration":13,"failureDetails":[],"failureMessages":[],"fullName":"Stock Transfer Between Distributors Tests POST /api/stock/transfer debería fallar si se intenta transferir a sí mismo","invocations":1,"location":null,"numPassingAsserts":1,"retryReasons":[],"status":"passed","title":"debería fallar si se intenta transferir a sí mismo"},{"ancestorTitles":["Stock Transfer Between Distributors Tests","POST /api/stock/transfer"],"duration":16,"failureDetails":[],"failureMessages":[],"fullName":"Stock Transfer Between Distributors Tests POST /api/stock/transfer debería fallar si el destinatario no es distribuidor","invocations":1,"location":null,"numPassingAsserts":1,"retryReasons":[],"status":"passed","title":"debería fallar si el destinatario no es distribuidor"},{"ancestorTitles":["Stock Transfer Between Distributors Tests","POST /api/stock/transfer"],"duration":16,"failureDetails":[],"failureMessages":[],"fullName":"Stock Transfer Between Distributors Tests POST /api/stock/transfer debería fallar si el producto no existe","invocations":1,"location":null,"numPassingAsserts":1,"retryReasons":[],"status":"passed","title":"debería fallar si el producto no existe"},{"ancestorTitles":["Stock Transfer Between Distributors Tests","POST /api/stock/transfer"],"duration":6,"failureDetails":[],"failureMessages":[],"fullName":"Stock Transfer Between Distributors Tests POST /api/stock/transfer debería fallar sin autenticación","invocations":1,"location":null,"numPassingAsserts":1,"retryReasons":[],"status":"passed","title":"debería fallar sin autenticación"},{"ancestorTitles":["Stock Transfer Between Distributors Tests","POST /api/stock/transfer"],"duration":15,"failureDetails":[],"failureMessages":[],"fullName":"Stock Transfer Between Distributors Tests POST /api/stock/transfer debería fallar si un admin intenta usar el endpoint","invocations":1,"location":null,"numPassingAsserts":1,"retryReasons":[],"status":"passed","title":"debería fallar si un admin intenta usar el endpoint"},{"ancestorTitles":["Stock Transfer Between Distributors Tests","POST /api/stock/transfer"],"duration":35,"failureDetails":[],"failureMessages":[],"fullName":"Stock Transfer Between Distributors Tests POST /api/stock/transfer debería fallar si faltan datos requeridos","invocations":1,"location":null,"numPassingAsserts":3,"retryReasons":[],"status":"passed","title":"debería fallar si faltan datos requeridos"},{"ancestorTitles":["Stock Transfer Between Distributors Tests","POST /api/stock/transfer"],"duration":24,"failureDetails":[],"failureMessages":[],"fullName":"Stock Transfer Between Distributors Tests POST /api/stock/transfer debería acumular stock si el destino ya tiene el producto","invocations":1,"location":null,"numPassingAsserts":2,"retryReasons":[],"status":"passed","title":"debería acumular stock si el destino ya tiene el producto"},{"ancestorTitles":["Stock Transfer Between Distributors Tests","POST /api/stock/transfer"],"duration":46,"failureDetails":[],"failureMessages":[],"fullName":"Stock Transfer Between Distributors Tests POST /api/stock/transfer debería manejar transferencias múltiples correctamente","invocations":1,"location":null,"numPassingAsserts":2,"retryReasons":[],"status":"passed","title":"debería manejar transferencias múltiples correctamente"},{"ancestorTitles":["Stock Transfer Between Distributors Tests","POST /api/stock/transfer"],"duration":23,"failureDetails":[],"failureMessages":[],"fullName":"Stock Transfer Between Distributors Tests POST /api/stock/transfer debería permitir transferir todo el stock disponible","invocations":1,"location":null,"numPassingAsserts":2,"retryReasons":[],"status":"passed","title":"debería permitir transferir todo el stock disponible"},{"ancestorTitles":["Stock Transfer Between Distributors Tests","Business Logic Edge Cases"],"duration":13,"failureDetails":[],"failureMessages":[],"fullName":"Stock Transfer Between Distributors Tests Business Logic Edge Cases debería mantener la integridad si ocurre un error durante la transacción","invocations":1,"location":null,"numPassingAsserts":1,"retryReasons":[],"status":"passed","title":"debería mantener la integridad si ocurre un error durante la transacción"}],"endTime":1767685934403,"message":"","name":"C:\\Users\\sergu\\OneDrive\\Desktop\\landing essence\\react-tailwindcss\\server\\__tests__\\transferStock.test.js","startTime":1767685931281,"status":"passed","summary":""},{"assertionResults":[{"ancestorTitles":["Clientes y segmentos"],"duration":194,"failureDetails":[],"failureMessages":[],"fullName":"Clientes y segmentos crea y lista segmentos","invocations":1,"location":null,"numPassingAsserts":4,"retryReasons":[],"status":"passed","title":"crea y lista segmentos"},{"ancestorTitles":["Clientes y segmentos"],"duration":68,"failureDetails":[],"failureMessages":[],"fullName":"Clientes y segmentos crea cliente asociado a segmento y filtra por segmento","invocations":1,"location":null,"numPassingAsserts":3,"retryReasons":[],"status":"passed","title":"crea cliente asociado a segmento y filtra por segmento"},{"ancestorTitles":["Clientes y segmentos"],"duration":52,"failureDetails":[],"failureMessages":[],"fullName":"Clientes y segmentos ajusta puntos acumulados sin permitir negativos","invocations":1,"location":null,"numPassingAsserts":2,"retryReasons":[],"status":"passed","title":"ajusta puntos acumulados sin permitir negativos"},{"ancestorTitles":["Clientes y segmentos"],"duration":26,"failureDetails":[],"failureMessages":[],"fullName":"Clientes y segmentos aisla clientes por negocio","invocations":1,"location":null,"numPassingAsserts":0,"retryReasons":[],"status":"passed","title":"aisla clientes por negocio"},{"ancestorTitles":["Clientes y segmentos"],"duration":48,"failureDetails":[],"failureMessages":[],"fullName":"Clientes y segmentos actualiza metricas del cliente al registrar venta admin","invocations":1,"location":null,"numPassingAsserts":3,"retryReasons":[],"status":"passed","title":"actualiza metricas del cliente al registrar venta admin"},{"ancestorTitles":["Clientes y segmentos"],"duration":32,"failureDetails":[],"failureMessages":[],"fullName":"Clientes y segmentos retorna estadisticas agregadas de clientes","invocations":1,"location":null,"numPassingAsserts":10,"retryReasons":[],"status":"passed","title":"retorna estadisticas agregadas de clientes"},{"ancestorTitles":["Clientes y segmentos"],"duration":23,"failureDetails":[],"failureMessages":[],"fullName":"Clientes y segmentos calcula RFM y ranking de clientes","invocations":1,"location":null,"numPassingAsserts":4,"retryReasons":[],"status":"passed","title":"calcula RFM y ranking de clientes"}],"endTime":1767685936968,"message":"","name":"C:\\Users\\sergu\\OneDrive\\Desktop\\landing essence\\react-tailwindcss\\server\\__tests__\\clients.controller.test.js","startTime":1767685934410,"status":"passed","summary":""},{"assertionResults":[{"ancestorTitles":["Distributor Catalog Endpoint Tests","GET /api/products/my-catalog"],"duration":27,"failureDetails":[],"failureMessages":[],"fullName":"Distributor Catalog Endpoint Tests GET /api/products/my-catalog debería devolver solo productos con stock > 0 del distribuidor","invocations":1,"location":null,"numPassingAsserts":5,"retryReasons":[],"status":"passed","title":"debería devolver solo productos con stock > 0 del distribuidor"},{"ancestorTitles":["Distributor Catalog Endpoint Tests","GET /api/products/my-catalog"],"duration":6,"failureDetails":[],"failureMessages":[],"fullName":"Distributor Catalog Endpoint Tests GET /api/products/my-catalog debería fallar si el usuario no es distribuidor","invocations":1,"location":null,"numPassingAsserts":2,"retryReasons":[],"status":"passed","title":"debería fallar si el usuario no es distribuidor"},{"ancestorTitles":["Distributor Catalog Endpoint Tests","GET /api/products/my-catalog"],"duration":15,"failureDetails":[],"failureMessages":[],"fullName":"Distributor Catalog Endpoint Tests GET /api/products/my-catalog debería fallar sin token de autenticación","invocations":1,"location":null,"numPassingAsserts":1,"retryReasons":[],"status":"passed","title":"debería fallar sin token de autenticación"},{"ancestorTitles":["Distributor Catalog Endpoint Tests","GET /api/products/my-catalog"],"duration":170,"failureDetails":[],"failureMessages":[],"fullName":"Distributor Catalog Endpoint Tests GET /api/products/my-catalog debería devolver array vacío si el distribuidor no tiene stock","invocations":1,"location":null,"numPassingAsserts":2,"retryReasons":[],"status":"passed","title":"debería devolver array vacío si el distribuidor no tiene stock"},{"ancestorTitles":["Distributor Catalog Endpoint Tests","GET /api/products/my-catalog"],"duration":11,"failureDetails":[],"failureMessages":[],"fullName":"Distributor Catalog Endpoint Tests GET /api/products/my-catalog debería incluir información de categoría en los productos","invocations":1,"location":null,"numPassingAsserts":4,"retryReasons":[],"status":"passed","title":"debería incluir información de categoría en los productos"},{"ancestorTitles":["Distributor Catalog Endpoint Tests","GET /api/products/my-catalog"],"duration":12,"failureDetails":[],"failureMessages":[],"fullName":"Distributor Catalog Endpoint Tests GET /api/products/my-catalog debería devolver productos con todas las propiedades necesarias","invocations":1,"location":null,"numPassingAsserts":9,"retryReasons":[],"status":"passed","title":"debería devolver productos con todas las propiedades necesarias"},{"ancestorTitles":["Distributor Catalog Endpoint Tests","Edge Cases"],"duration":16,"failureDetails":[],"failureMessages":[],"fullName":"Distributor Catalog Endpoint Tests Edge Cases debería manejar correctamente cuando un producto fue eliminado pero el stock persiste","invocations":1,"location":null,"numPassingAsserts":2,"retryReasons":[],"status":"passed","title":"debería manejar correctamente cuando un producto fue eliminado pero el stock persiste"}],"endTime":1767685939507,"message":"","name":"C:\\Users\\sergu\\OneDrive\\Desktop\\landing essence\\react-tailwindcss\\server\\__tests__\\distributorCatalog.test.js","startTime":1767685936972,"status":"passed","summary":""},{"assertionResults":[{"ancestorTitles":["Promotions engine"],"duration":75,"failureDetails":[],"failureMessages":[],"fullName":"Promotions engine crea una promo 2x1 y la evalúa","invocations":1,"location":null,"numPassingAsserts":2,"retryReasons":[],"status":"passed","title":"crea una promo 2x1 y la evalúa"},{"ancestorTitles":["Promotions engine"],"duration":28,"failureDetails":[],"failureMessages":[],"fullName":"Promotions engine rechaza la promo si la sede no coincide","invocations":1,"location":null,"numPassingAsserts":2,"retryReasons":[],"status":"passed","title":"rechaza la promo si la sede no coincide"},{"ancestorTitles":["Promotions engine"],"duration":51,"failureDetails":[],"failureMessages":[],"fullName":"Promotions engine aplica descuento por volumen","invocations":1,"location":null,"numPassingAsserts":2,"retryReasons":[],"status":"passed","title":"aplica descuento por volumen"},{"ancestorTitles":["Promotions engine"],"duration":57,"failureDetails":[],"failureMessages":[],"fullName":"Promotions engine aplica solo al cliente permitido","invocations":1,"location":null,"numPassingAsserts":6,"retryReasons":[],"status":"passed","title":"aplica solo al cliente permitido"},{"ancestorTitles":["Promotions engine"],"duration":44,"failureDetails":[],"failureMessages":[],"fullName":"Promotions engine respeta segmentos de cliente","invocations":1,"location":null,"numPassingAsserts":4,"retryReasons":[],"status":"passed","title":"respeta segmentos de cliente"}],"endTime":1767685942009,"message":"","name":"C:\\Users\\sergu\\OneDrive\\Desktop\\landing essence\\react-tailwindcss\\server\\__tests__\\promotions.controller.test.js","startTime":1767685939513,"status":"passed","summary":""},{"assertionResults":[{"ancestorTitles":["Branch transfers"],"duration":56,"failureDetails":[],"failureMessages":[],"fullName":"Branch transfers crea una transferencia y ajusta stocks","invocations":1,"location":null,"numPassingAsserts":5,"retryReasons":[],"status":"passed","title":"crea una transferencia y ajusta stocks"},{"ancestorTitles":["Branch transfers"],"duration":10,"failureDetails":[],"failureMessages":[],"fullName":"Branch transfers falla sin header x-business-id","invocations":1,"location":null,"numPassingAsserts":1,"retryReasons":[],"status":"passed","title":"falla sin header x-business-id"},{"ancestorTitles":["Branch transfers"],"duration":21,"failureDetails":[],"failureMessages":[],"fullName":"Branch transfers rechaza si no hay stock suficiente en la sede origen","invocations":1,"location":null,"numPassingAsserts":2,"retryReasons":[],"status":"passed","title":"rechaza si no hay stock suficiente en la sede origen"},{"ancestorTitles":["Branch transfers"],"duration":18,"failureDetails":[],"failureMessages":[],"fullName":"Branch transfers devuelve error si la sede no pertenece al negocio","invocations":1,"location":null,"numPassingAsserts":1,"retryReasons":[],"status":"passed","title":"devuelve error si la sede no pertenece al negocio"},{"ancestorTitles":["Branch transfers"],"duration":16,"failureDetails":[],"failureMessages":[],"fullName":"Branch transfers rechaza transferencia con producto de otro negocio","invocations":1,"location":null,"numPassingAsserts":1,"retryReasons":[],"status":"passed","title":"rechaza transferencia con producto de otro negocio"},{"ancestorTitles":["Branch transfers"],"duration":44,"failureDetails":[],"failureMessages":[],"fullName":"Branch transfers lista las transferencias creadas","invocations":1,"location":null,"numPassingAsserts":5,"retryReasons":[],"status":"passed","title":"lista las transferencias creadas"}],"endTime":1767685944204,"message":"","name":"C:\\Users\\sergu\\OneDrive\\Desktop\\landing essence\\react-tailwindcss\\server\\__tests__\\branchTransfer.controller.test.js","startTime":1767685942015,"status":"passed","summary":""},{"assertionResults":[{"ancestorTitles":["Inventory receipts"],"duration":79,"failureDetails":[],"failureMessages":[],"fullName":"Inventory receipts registra entrada a sede y ajusta stock","invocations":1,"location":null,"numPassingAsserts":3,"retryReasons":[],"status":"passed","title":"registra entrada a sede y ajusta stock"},{"ancestorTitles":["Inventory receipts"],"duration":28,"failureDetails":[],"failureMessages":[],"fullName":"Inventory receipts registra entrada a bodega si no hay sede","invocations":1,"location":null,"numPassingAsserts":3,"retryReasons":[],"status":"passed","title":"registra entrada a bodega si no hay sede"},{"ancestorTitles":["Inventory receipts"],"duration":31,"failureDetails":[],"failureMessages":[],"fullName":"Inventory receipts lista las entradas filtradas por producto","invocations":1,"location":null,"numPassingAsserts":2,"retryReasons":[],"status":"passed","title":"lista las entradas filtradas por producto"}],"endTime":1767685946536,"message":"","name":"C:\\Users\\sergu\\OneDrive\\Desktop\\landing essence\\react-tailwindcss\\server\\__tests__\\inventoryReceipts.test.js","startTime":1767685944209,"status":"passed","summary":""},{"assertionResults":[{"ancestorTitles":["Providers API"],"duration":148,"failureDetails":[],"failureMessages":[],"fullName":"Providers API crea y lista proveedores","invocations":1,"location":null,"numPassingAsserts":2,"retryReasons":[],"status":"passed","title":"crea y lista proveedores"},{"ancestorTitles":["Providers API"],"duration":32,"failureDetails":[],"failureMessages":[],"fullName":"Providers API actualiza y elimina proveedor","invocations":1,"location":null,"numPassingAsserts":2,"retryReasons":[],"status":"passed","title":"actualiza y elimina proveedor"}],"endTime":1767685948639,"message":"","name":"C:\\Users\\sergu\\OneDrive\\Desktop\\landing essence\\react-tailwindcss\\server\\__tests__\\providers.test.js","startTime":1767685946542,"status":"passed","summary":""},{"assertionResults":[{"ancestorTitles":["Sale Controller - registerSale Logic"],"duration":178,"failureDetails":[],"failureMessages":[],"fullName":"Sale Controller - registerSale Logic Debe crear venta y calcular distributorProfitPercentage correctamente","invocations":1,"location":null,"numPassingAsserts":2,"retryReasons":[],"status":"passed","title":"Debe crear venta y calcular distributorProfitPercentage correctamente"},{"ancestorTitles":["Sale Controller - registerSale Logic"],"duration":58,"failureDetails":[],"failureMessages":[],"fullName":"Sale Controller - registerSale Logic Debe calcular bonus para distribuidor en 1er lugar","invocations":1,"location":null,"numPassingAsserts":1,"retryReasons":[],"status":"passed","title":"Debe calcular bonus para distribuidor en 1er lugar"},{"ancestorTitles":["Sale Controller - registerSale Logic"],"duration":61,"failureDetails":[],"failureMessages":[],"fullName":"Sale Controller - registerSale Logic Debe retornar bonus 0 para distribuidor sin ventas","invocations":1,"location":null,"numPassingAsserts":1,"retryReasons":[],"status":"passed","title":"Debe retornar bonus 0 para distribuidor sin ventas"},{"ancestorTitles":["Sale Controller - registerSale Logic"],"duration":54,"failureDetails":[],"failureMessages":[],"fullName":"Sale Controller - registerSale Logic Venta de admin debe tener distributorProfitPercentage = 0","invocations":1,"location":null,"numPassingAsserts":3,"retryReasons":[],"status":"passed","title":"Venta de admin debe tener distributorProfitPercentage = 0"},{"ancestorTitles":["Sale Controller - deleteSale restores inventory"],"duration":104,"failureDetails":[],"failureMessages":[],"fullName":"Sale Controller - deleteSale restores inventory Debe restaurar stock del producto y del distribuidor al eliminar una venta","invocations":1,"location":null,"numPassingAsserts":4,"retryReasons":[],"status":"passed","title":"Debe restaurar stock del producto y del distribuidor al eliminar una venta"},{"ancestorTitles":["Sale Controller - Ranking System"],"duration":68,"failureDetails":[],"failureMessages":[],"fullName":"Sale Controller - Ranking System Debe calcular rankings correctamente según ventas totales","invocations":1,"location":null,"numPassingAsserts":4,"retryReasons":[],"status":"passed","title":"Debe calcular rankings correctamente según ventas totales"},{"ancestorTitles":["Sale Controller - Ranking System"],"duration":29,"failureDetails":[],"failureMessages":[],"fullName":"Sale Controller - Ranking System Solo ventas confirmadas deben contar para ranking","invocations":1,"location":null,"numPassingAsserts":2,"retryReasons":[],"status":"passed","title":"Solo ventas confirmadas deben contar para ranking"},{"ancestorTitles":["Sale Controller - Payment Status"],"duration":15,"failureDetails":[],"failureMessages":[],"fullName":"Sale Controller - Payment Status Venta de distribuidor debe iniciar con status \"pendiente\"","invocations":1,"location":null,"numPassingAsserts":1,"retryReasons":[],"status":"passed","title":"Venta de distribuidor debe iniciar con status \"pendiente\""},{"ancestorTitles":["Sale Controller - Payment Status"],"duration":15,"failureDetails":[],"failureMessages":[],"fullName":"Sale Controller - Payment Status Venta de admin debe tener status \"confirmado\" automáticamente","invocations":1,"location":null,"numPassingAsserts":3,"retryReasons":[],"status":"passed","title":"Venta de admin debe tener status \"confirmado\" automáticamente"},{"ancestorTitles":["Sale Controller - Payment Status"],"duration":19,"failureDetails":[],"failureMessages":[],"fullName":"Sale Controller - Payment Status Debe poder cambiar status de pendiente a confirmado","invocations":1,"location":null,"numPassingAsserts":2,"retryReasons":[],"status":"passed","title":"Debe poder cambiar status de pendiente a confirmado"}],"endTime":1767685950569,"message":"","name":"C:\\Users\\sergu\\OneDrive\\Desktop\\landing essence\\react-tailwindcss\\server\\__tests__\\controllers\\sale.controller.test.js","startTime":1767685948644,"status":"passed","summary":""},{"assertionResults":[{"ancestorTitles":["Sale Model - Generación de saleId"],"duration":81,"failureDetails":[],"failureMessages":[],"fullName":"Sale Model - Generación de saleId Debe generar saleId automáticamente con formato SALE-YYYYMMDD-HHMMSS-XXXXXX","invocations":1,"location":null,"numPassingAsserts":3,"retryReasons":[],"status":"passed","title":"Debe generar saleId automáticamente con formato SALE-YYYYMMDD-HHMMSS-XXXXXX"},{"ancestorTitles":["Sale Model - Generación de saleId"],"duration":11,"failureDetails":[],"failureMessages":[],"fullName":"Sale Model - Generación de saleId Debe generar saleId únicos en ventas consecutivas","invocations":1,"location":null,"numPassingAsserts":3,"retryReasons":[],"status":"passed","title":"Debe generar saleId únicos en ventas consecutivas"},{"ancestorTitles":["Sale Model - Cálculo de ganancias"],"duration":32,"failureDetails":[],"failureMessages":[],"fullName":"Sale Model - Cálculo de ganancias Debe calcular correctamente ganancia de distribuidor normal (20%)","invocations":1,"location":null,"numPassingAsserts":1,"retryReasons":[],"status":"passed","title":"Debe calcular correctamente ganancia de distribuidor normal (20%)"},{"ancestorTitles":["Sale Model - Cálculo de ganancias"],"duration":8,"failureDetails":[],"failureMessages":[],"fullName":"Sale Model - Cálculo de ganancias Debe calcular correctamente ganancia de distribuidor 1er lugar (25%)","invocations":1,"location":null,"numPassingAsserts":1,"retryReasons":[],"status":"passed","title":"Debe calcular correctamente ganancia de distribuidor 1er lugar (25%)"},{"ancestorTitles":["Sale Model - Cálculo de ganancias"],"duration":23,"failureDetails":[],"failureMessages":[],"fullName":"Sale Model - Cálculo de ganancias Debe calcular correctamente ganancia de distribuidor 2do lugar (23%)","invocations":1,"location":null,"numPassingAsserts":1,"retryReasons":[],"status":"passed","title":"Debe calcular correctamente ganancia de distribuidor 2do lugar (23%)"},{"ancestorTitles":["Sale Model - Cálculo de ganancias"],"duration":9,"failureDetails":[],"failureMessages":[],"fullName":"Sale Model - Cálculo de ganancias Debe calcular correctamente ganancia de distribuidor 3er lugar (21%)","invocations":1,"location":null,"numPassingAsserts":1,"retryReasons":[],"status":"passed","title":"Debe calcular correctamente ganancia de distribuidor 3er lugar (21%)"},{"ancestorTitles":["Sale Model - Cálculo de ganancias"],"duration":11,"failureDetails":[],"failureMessages":[],"fullName":"Sale Model - Cálculo de ganancias Debe calcular correctamente ganancia admin con distribuidor normal (20%)","invocations":1,"location":null,"numPassingAsserts":1,"retryReasons":[],"status":"passed","title":"Debe calcular correctamente ganancia admin con distribuidor normal (20%)"},{"ancestorTitles":["Sale Model - Cálculo de ganancias"],"duration":23,"failureDetails":[],"failureMessages":[],"fullName":"Sale Model - Cálculo de ganancias Debe calcular correctamente ganancia admin con distribuidor 1er lugar (25%)","invocations":1,"location":null,"numPassingAsserts":1,"retryReasons":[],"status":"passed","title":"Debe calcular correctamente ganancia admin con distribuidor 1er lugar (25%)"},{"ancestorTitles":["Sale Model - Cálculo de ganancias"],"duration":10,"failureDetails":[],"failureMessages":[],"fullName":"Sale Model - Cálculo de ganancias Debe calcular correctamente ganancia total (distribuidor + admin)","invocations":1,"location":null,"numPassingAsserts":1,"retryReasons":[],"status":"passed","title":"Debe calcular correctamente ganancia total (distribuidor + admin)"},{"ancestorTitles":["Sale Model - Cálculo de ganancias"],"duration":7,"failureDetails":[],"failureMessages":[],"fullName":"Sale Model - Cálculo de ganancias Debe calcular correctamente venta directa de admin (sin distribuidor)","invocations":1,"location":null,"numPassingAsserts":3,"retryReasons":[],"status":"passed","title":"Debe calcular correctamente venta directa de admin (sin distribuidor)"},{"ancestorTitles":["Sale Model - Validaciones"],"duration":11,"failureDetails":[],"failureMessages":[],"fullName":"Sale Model - Validaciones Debe requerir campos obligatorios","invocations":1,"location":null,"numPassingAsserts":1,"retryReasons":[],"status":"passed","title":"Debe requerir campos obligatorios"},{"ancestorTitles":["Sale Model - Validaciones"],"duration":23,"failureDetails":[],"failureMessages":[],"fullName":"Sale Model - Validaciones Debe aceptar distributorProfitPercentage válidos (0, 20, 21, 23, 25)","invocations":1,"location":null,"numPassingAsserts":5,"retryReasons":[],"status":"passed","title":"Debe aceptar distributorProfitPercentage válidos (0, 20, 21, 23, 25)"},{"ancestorTitles":["Sale Model - Validaciones"],"duration":22,"failureDetails":[],"failureMessages":[],"fullName":"Sale Model - Validaciones Debe tener status de pago por defecto \"pendiente\"","invocations":1,"location":null,"numPassingAsserts":1,"retryReasons":[],"status":"passed","title":"Debe tener status de pago por defecto \"pendiente\""}],"endTime":1767685951886,"message":"","name":"C:\\Users\\sergu\\OneDrive\\Desktop\\landing essence\\react-tailwindcss\\server\\__tests__\\models\\Sale.test.js","startTime":1767685950575,"status":"passed","summary":""},{"assertionResults":[{"ancestorTitles":["Product Model - Validaciones"],"duration":72,"failureDetails":[],"failureMessages":[],"fullName":"Product Model - Validaciones Debe crear producto con campos válidos","invocations":1,"location":null,"numPassingAsserts":5,"retryReasons":[],"status":"passed","title":"Debe crear producto con campos válidos"},{"ancestorTitles":["Product Model - Validaciones"],"duration":17,"failureDetails":[],"failureMessages":[],"fullName":"Product Model - Validaciones Debe requerir campos obligatorios","invocations":1,"location":null,"numPassingAsserts":1,"retryReasons":[],"status":"passed","title":"Debe requerir campos obligatorios"},{"ancestorTitles":["Product Model - Validaciones"],"duration":7,"failureDetails":[],"failureMessages":[],"fullName":"Product Model - Validaciones Debe calcular suggestedPrice automáticamente (30% sobre purchasePrice)","invocations":1,"location":null,"numPassingAsserts":1,"retryReasons":[],"status":"passed","title":"Debe calcular suggestedPrice automáticamente (30% sobre purchasePrice)"},{"ancestorTitles":["Product Model - Validaciones"],"duration":8,"failureDetails":[],"failureMessages":[],"fullName":"Product Model - Validaciones totalStock no puede ser negativo","invocations":1,"location":null,"numPassingAsserts":1,"retryReasons":[],"status":"passed","title":"totalStock no puede ser negativo"},{"ancestorTitles":["Product Model - Defaults"],"duration":10,"failureDetails":[],"failureMessages":[],"fullName":"Product Model - Defaults Debe tener defaults esperados","invocations":1,"location":null,"numPassingAsserts":4,"retryReasons":[],"status":"passed","title":"Debe tener defaults esperados"},{"ancestorTitles":["Product Model - Defaults"],"duration":15,"failureDetails":[],"failureMessages":[],"fullName":"Product Model - Defaults Debe poder actualizar stock correctamente","invocations":1,"location":null,"numPassingAsserts":1,"retryReasons":[],"status":"passed","title":"Debe poder actualizar stock correctamente"},{"ancestorTitles":["Product Model - Precios"],"duration":5,"failureDetails":[],"failureMessages":[],"fullName":"Product Model - Precios Debe calcular márgenes de ganancia correctamente","invocations":1,"location":null,"numPassingAsserts":2,"retryReasons":[],"status":"passed","title":"Debe calcular márgenes de ganancia correctamente"},{"ancestorTitles":["Product Model - Precios"],"duration":6,"failureDetails":[],"failureMessages":[],"fullName":"Product Model - Precios Debe permitir actualizar precios manteniendo lógica de negocio","invocations":1,"location":null,"numPassingAsserts":3,"retryReasons":[],"status":"passed","title":"Debe permitir actualizar precios manteniendo lógica de negocio"}],"endTime":1767685953010,"message":"","name":"C:\\Users\\sergu\\OneDrive\\Desktop\\landing essence\\react-tailwindcss\\server\\__tests__\\models\\Product.test.js","startTime":1767685951890,"status":"passed","summary":""},{"assertionResults":[{"ancestorTitles":["businessContext middleware - owner_inactive"],"duration":87,"failureDetails":[],"failureMessages":[],"fullName":"businessContext middleware - owner_inactive permite acceso a distribuidor cuando el owner está activo","invocations":1,"location":null,"numPassingAsserts":2,"retryReasons":[],"status":"passed","title":"permite acceso a distribuidor cuando el owner está activo"},{"ancestorTitles":["businessContext middleware - owner_inactive"],"duration":14,"failureDetails":[{"matcherResult":{"actual":true,"expected":false,"message":"\u001b[2mexpect(\u001b[22m\u001b[31mreceived\u001b[39m\u001b[2m).\u001b[22mtoBe\u001b[2m(\u001b[22m\u001b[32mexpected\u001b[39m\u001b[2m) // Object.is equality\u001b[22m\n\nExpected: \u001b[32mfalse\u001b[39m\nReceived: \u001b[31mtrue\u001b[39m","name":"toBe","pass":false}}],"failureMessages":["Error: \u001b[2mexpect(\u001b[22m\u001b[31mreceived\u001b[39m\u001b[2m).\u001b[22mtoBe\u001b[2m(\u001b[22m\u001b[32mexpected\u001b[39m\u001b[2m) // Object.is equality\u001b[22m\n\nExpected: \u001b[32mfalse\u001b[39m\nReceived: \u001b[31mtrue\u001b[39m\n    at Object.<anonymous> (C:\\Users\\sergu\\OneDrive\\Desktop\\landing essence\\react-tailwindcss\\server\\__tests__\\businessContext.test.js:128:24)\n    at processTicksAndRejections (node:internal/process/task_queues:103:5)"],"fullName":"businessContext middleware - owner_inactive bloquea distribuidor cuando el owner está inactivo","invocations":1,"location":null,"numPassingAsserts":0,"retryReasons":[],"status":"failed","title":"bloquea distribuidor cuando el owner está inactivo"},{"ancestorTitles":["businessContext middleware - owner_inactive"],"duration":2,"failureDetails":[],"failureMessages":[],"fullName":"businessContext middleware - owner_inactive super_admin en test sin businessId pasa el middleware","invocations":1,"location":null,"numPassingAsserts":2,"retryReasons":[],"status":"passed","title":"super_admin en test sin businessId pasa el middleware"}],"endTime":1767685954006,"message":"\u001b[1m\u001b[31m  \u001b[1m● \u001b[22m\u001b[1mbusinessContext middleware - owner_inactive › bloquea distribuidor cuando el owner está inactivo\u001b[39m\u001b[22m\n\n    \u001b[2mexpect(\u001b[22m\u001b[31mreceived\u001b[39m\u001b[2m).\u001b[22mtoBe\u001b[2m(\u001b[22m\u001b[32mexpected\u001b[39m\u001b[2m) // Object.is equality\u001b[22m\n\n    Expected: \u001b[32mfalse\u001b[39m\n    Received: \u001b[31mtrue\u001b[39m\n\u001b[2m\u001b[22m\n\u001b[2m    \u001b[0m \u001b[90m 126 |\u001b[39m     })\u001b[33m;\u001b[39m\u001b[22m\n\u001b[2m     \u001b[90m 127 |\u001b[39m\u001b[22m\n\u001b[2m    \u001b[31m\u001b[1m>\u001b[22m\u001b[2m\u001b[39m\u001b[90m 128 |\u001b[39m     expect(nextCalled)\u001b[33m.\u001b[39mtoBe(\u001b[36mfalse\u001b[39m)\u001b[33m;\u001b[39m\u001b[22m\n\u001b[2m     \u001b[90m     |\u001b[39m                        \u001b[31m\u001b[1m^\u001b[22m\u001b[2m\u001b[39m\u001b[22m\n\u001b[2m     \u001b[90m 129 |\u001b[39m     expect(statusCode)\u001b[33m.\u001b[39mtoBe(\u001b[35m403\u001b[39m)\u001b[33m;\u001b[39m\u001b[22m\n\u001b[2m     \u001b[90m 130 |\u001b[39m     expect(jsonPayload\u001b[33m?\u001b[39m\u001b[33m.\u001b[39mcode)\u001b[33m.\u001b[39mtoBe(\u001b[32m\"owner_inactive\"\u001b[39m)\u001b[33m;\u001b[39m\u001b[22m\n\u001b[2m     \u001b[90m 131 |\u001b[39m   })\u001b[33m;\u001b[39m\u001b[0m\u001b[22m\n\u001b[2m\u001b[22m\n\u001b[2m      \u001b[2mat Object.<anonymous> (\u001b[22m\u001b[2m\u001b[0m\u001b[36m__tests__/businessContext.test.js\u001b[39m\u001b[0m\u001b[2m:128:24)\u001b[22m\u001b[2m\u001b[22m\n","name":"C:\\Users\\sergu\\OneDrive\\Desktop\\landing essence\\react-tailwindcss\\server\\__tests__\\businessContext.test.js","startTime":1767685953016,"status":"failed","summary":""},{"assertionResults":[{"ancestorTitles":["User Model - Creación y Validaciones"],"duration":40,"failureDetails":[],"failureMessages":[],"fullName":"User Model - Creación y Validaciones Debe crear usuario con campos válidos","invocations":1,"location":null,"numPassingAsserts":4,"retryReasons":[],"status":"passed","title":"Debe crear usuario con campos válidos"},{"ancestorTitles":["User Model - Creación y Validaciones"],"duration":3,"failureDetails":[],"failureMessages":[],"fullName":"User Model - Creación y Validaciones Debe guardar contraseña tal cual si se crea directo en el modelo","invocations":1,"location":null,"numPassingAsserts":1,"retryReasons":[],"status":"passed","title":"Debe guardar contraseña tal cual si se crea directo en el modelo"},{"ancestorTitles":["User Model - Creación y Validaciones"],"duration":6,"failureDetails":[],"failureMessages":[],"fullName":"User Model - Creación y Validaciones Debe requerir campos obligatorios","invocations":1,"location":null,"numPassingAsserts":1,"retryReasons":[],"status":"passed","title":"Debe requerir campos obligatorios"},{"ancestorTitles":["User Model - Creación y Validaciones"],"duration":16,"failureDetails":[],"failureMessages":[],"fullName":"User Model - Creación y Validaciones Email debe ser único","invocations":1,"location":null,"numPassingAsserts":1,"retryReasons":[],"status":"passed","title":"Email debe ser único"},{"ancestorTitles":["User Model - Creación y Validaciones"],"duration":2,"failureDetails":[],"failureMessages":[],"fullName":"User Model - Creación y Validaciones Debe validar formato de email","invocations":1,"location":null,"numPassingAsserts":1,"retryReasons":[],"status":"passed","title":"Debe validar formato de email"},{"ancestorTitles":["User Model - Roles"],"duration":3,"failureDetails":[],"failureMessages":[],"fullName":"User Model - Roles Debe aceptar role \"admin\"","invocations":1,"location":null,"numPassingAsserts":1,"retryReasons":[],"status":"passed","title":"Debe aceptar role \"admin\""},{"ancestorTitles":["User Model - Roles"],"duration":2,"failureDetails":[],"failureMessages":[],"fullName":"User Model - Roles Debe aceptar role \"distribuidor\"","invocations":1,"location":null,"numPassingAsserts":1,"retryReasons":[],"status":"passed","title":"Debe aceptar role \"distribuidor\""},{"ancestorTitles":["User Model - Roles"],"duration":2,"failureDetails":[],"failureMessages":[],"fullName":"User Model - Roles Debe tener role por defecto \"distribuidor\"","invocations":1,"location":null,"numPassingAsserts":1,"retryReasons":[],"status":"passed","title":"Debe tener role por defecto \"distribuidor\""},{"ancestorTitles":["User Model - Roles"],"duration":1,"failureDetails":[],"failureMessages":[],"fullName":"User Model - Roles No debe aceptar roles inválidos","invocations":1,"location":null,"numPassingAsserts":1,"retryReasons":[],"status":"passed","title":"No debe aceptar roles inválidos"},{"ancestorTitles":["User Model - Información Adicional"],"duration":3,"failureDetails":[],"failureMessages":[],"fullName":"User Model - Información Adicional Debe guardar información de contacto opcional","invocations":1,"location":null,"numPassingAsserts":2,"retryReasons":[],"status":"passed","title":"Debe guardar información de contacto opcional"},{"ancestorTitles":["User Model - Información Adicional"],"duration":3,"failureDetails":[],"failureMessages":[],"fullName":"User Model - Información Adicional Debe manejar campos opcionales vacíos","invocations":1,"location":null,"numPassingAsserts":2,"retryReasons":[],"status":"passed","title":"Debe manejar campos opcionales vacíos"},{"ancestorTitles":["User Model - Información Adicional"],"duration":3,"failureDetails":[],"failureMessages":[],"fullName":"User Model - Información Adicional Debe tener isActive en true por defecto","invocations":1,"location":null,"numPassingAsserts":1,"retryReasons":[],"status":"passed","title":"Debe tener isActive en true por defecto"},{"ancestorTitles":["User Model - Información Adicional"],"duration":12,"failureDetails":[],"failureMessages":[],"fullName":"User Model - Información Adicional Debe poder desactivar usuario","invocations":1,"location":null,"numPassingAsserts":1,"retryReasons":[],"status":"passed","title":"Debe poder desactivar usuario"},{"ancestorTitles":["User Model - Timestamps"],"duration":3,"failureDetails":[],"failureMessages":[],"fullName":"User Model - Timestamps Debe agregar createdAt automáticamente","invocations":1,"location":null,"numPassingAsserts":2,"retryReasons":[],"status":"passed","title":"Debe agregar createdAt automáticamente"},{"ancestorTitles":["User Model - Timestamps"],"duration":2,"failureDetails":[],"failureMessages":[],"fullName":"User Model - Timestamps Debe agregar updatedAt automáticamente","invocations":1,"location":null,"numPassingAsserts":2,"retryReasons":[],"status":"passed","title":"Debe agregar updatedAt automáticamente"},{"ancestorTitles":["User Model - Timestamps"],"duration":105,"failureDetails":[],"failureMessages":[],"fullName":"User Model - Timestamps updatedAt debe cambiar al actualizar usuario","invocations":1,"location":null,"numPassingAsserts":1,"retryReasons":[],"status":"passed","title":"updatedAt debe cambiar al actualizar usuario"}],"endTime":1767685955163,"message":"","name":"C:\\Users\\sergu\\OneDrive\\Desktop\\landing essence\\react-tailwindcss\\server\\__tests__\\models\\User.test.js","startTime":1767685954010,"status":"passed","summary":""},{"assertionResults":[{"ancestorTitles":["requirePermission middleware"],"duration":1,"failureDetails":[],"failureMessages":[],"fullName":"requirePermission middleware permite a super_admin sin membership","invocations":1,"location":null,"numPassingAsserts":2,"retryReasons":[],"status":"passed","title":"permite a super_admin sin membership"},{"ancestorTitles":["requirePermission middleware"],"duration":1,"failureDetails":[],"failureMessages":[],"fullName":"requirePermission middleware bloquea create de products a distribuidor sin override","invocations":1,"location":null,"numPassingAsserts":3,"retryReasons":[],"status":"passed","title":"bloquea create de products a distribuidor sin override"},{"ancestorTitles":["requirePermission middleware"],"duration":0,"failureDetails":[],"failureMessages":[],"fullName":"requirePermission middleware permite create de products cuando hay override","invocations":1,"location":null,"numPassingAsserts":2,"retryReasons":[],"status":"passed","title":"permite create de products cuando hay override"},{"ancestorTitles":["requirePermission middleware"],"duration":1,"failureDetails":[],"failureMessages":[],"fullName":"requirePermission middleware respeta allowedBranches cuando se envía branch fuera de alcance","invocations":1,"location":null,"numPassingAsserts":4,"retryReasons":[],"status":"passed","title":"respeta allowedBranches cuando se envía branch fuera de alcance"}],"endTime":1767685955463,"message":"","name":"C:\\Users\\sergu\\OneDrive\\Desktop\\landing essence\\react-tailwindcss\\server\\__tests__\\middleware\\requirePermission.test.js","startTime":1767685955170,"status":"passed","summary":""},{"assertionResults":[{"ancestorTitles":["protect middleware - estados de cuenta"],"duration":4,"failureDetails":[],"failureMessages":[],"fullName":"protect middleware - estados de cuenta permite acceso cuando el usuario está activo","invocations":1,"location":null,"numPassingAsserts":2,"retryReasons":[],"status":"passed","title":"permite acceso cuando el usuario está activo"},{"ancestorTitles":["protect middleware - estados de cuenta"],"duration":1,"failureDetails":[],"failureMessages":[],"fullName":"protect middleware - estados de cuenta bloquea cuando la suscripción expiró y marca expired","invocations":1,"location":null,"numPassingAsserts":5,"retryReasons":[],"status":"passed","title":"bloquea cuando la suscripción expiró y marca expired"},{"ancestorTitles":["protect middleware - estados de cuenta"],"duration":2,"failureDetails":[],"failureMessages":[],"fullName":"protect middleware - estados de cuenta bloquea estados paused/suspended/pending","invocations":1,"location":null,"numPassingAsserts":9,"retryReasons":[],"status":"passed","title":"bloquea estados paused/suspended/pending"},{"ancestorTitles":["protect middleware - estados de cuenta"],"duration":1,"failureDetails":[],"failureMessages":[],"fullName":"protect middleware - estados de cuenta permite a god aunque el estado no sea active","invocations":1,"location":null,"numPassingAsserts":2,"retryReasons":[],"status":"passed","title":"permite a god aunque el estado no sea active"}],"endTime":1767685955866,"message":"","name":"C:\\Users\\sergu\\OneDrive\\Desktop\\landing essence\\react-tailwindcss\\server\\__tests__\\protect.middleware.test.js","startTime":1767685955467,"status":"passed","summary":""},{"assertionResults":[{"ancestorTitles":["Auth Middleware - Token Validation"],"duration":2,"failureDetails":[],"failureMessages":[],"fullName":"Auth Middleware - Token Validation Debe generar token JWT válido","invocations":1,"location":null,"numPassingAsserts":2,"retryReasons":[],"status":"passed","title":"Debe generar token JWT válido"},{"ancestorTitles":["Auth Middleware - Token Validation"],"duration":1,"failureDetails":[],"failureMessages":[],"fullName":"Auth Middleware - Token Validation Debe verificar token válido correctamente","invocations":1,"location":null,"numPassingAsserts":3,"retryReasons":[],"status":"passed","title":"Debe verificar token válido correctamente"},{"ancestorTitles":["Auth Middleware - Token Validation"],"duration":3,"failureDetails":[],"failureMessages":[],"fullName":"Auth Middleware - Token Validation Debe rechazar token inválido","invocations":1,"location":null,"numPassingAsserts":1,"retryReasons":[],"status":"passed","title":"Debe rechazar token inválido"},{"ancestorTitles":["Auth Middleware - Token Validation"],"duration":22,"failureDetails":[],"failureMessages":[],"fullName":"Auth Middleware - Token Validation Debe rechazar token expirado","invocations":1,"location":null,"numPassingAsserts":1,"retryReasons":[],"status":"passed","title":"Debe rechazar token expirado"},{"ancestorTitles":["Auth Middleware - Token Validation"],"duration":1,"failureDetails":[],"failureMessages":[],"fullName":"Auth Middleware - Token Validation Debe incluir información de usuario en token","invocations":1,"location":null,"numPassingAsserts":4,"retryReasons":[],"status":"passed","title":"Debe incluir información de usuario en token"},{"ancestorTitles":["Auth Middleware - Role Validation"],"duration":1,"failureDetails":[],"failureMessages":[],"fullName":"Auth Middleware - Role Validation Debe validar role de admin","invocations":1,"location":null,"numPassingAsserts":1,"retryReasons":[],"status":"passed","title":"Debe validar role de admin"},{"ancestorTitles":["Auth Middleware - Role Validation"],"duration":0,"failureDetails":[],"failureMessages":[],"fullName":"Auth Middleware - Role Validation Debe validar role de distribuidor","invocations":1,"location":null,"numPassingAsserts":1,"retryReasons":[],"status":"passed","title":"Debe validar role de distribuidor"},{"ancestorTitles":["Auth Middleware - Role Validation"],"duration":0,"failureDetails":[],"failureMessages":[],"fullName":"Auth Middleware - Role Validation Admin debe tener acceso a rutas de admin","invocations":1,"location":null,"numPassingAsserts":1,"retryReasons":[],"status":"passed","title":"Admin debe tener acceso a rutas de admin"},{"ancestorTitles":["Auth Middleware - Role Validation"],"duration":0,"failureDetails":[],"failureMessages":[],"fullName":"Auth Middleware - Role Validation Distribuidor no debe tener acceso a rutas de admin","invocations":1,"location":null,"numPassingAsserts":1,"retryReasons":[],"status":"passed","title":"Distribuidor no debe tener acceso a rutas de admin"},{"ancestorTitles":["Auth Middleware - Role Validation"],"duration":0,"failureDetails":[],"failureMessages":[],"fullName":"Auth Middleware - Role Validation Ambos roles deben tener acceso a rutas compartidas","invocations":1,"location":null,"numPassingAsserts":2,"retryReasons":[],"status":"passed","title":"Ambos roles deben tener acceso a rutas compartidas"},{"ancestorTitles":["Auth Middleware - Request Headers"],"duration":0,"failureDetails":[],"failureMessages":[],"fullName":"Auth Middleware - Request Headers Debe extraer token del header Authorization","invocations":1,"location":null,"numPassingAsserts":4,"retryReasons":[],"status":"passed","title":"Debe extraer token del header Authorization"},{"ancestorTitles":["Auth Middleware - Request Headers"],"duration":0,"failureDetails":[],"failureMessages":[],"fullName":"Auth Middleware - Request Headers Debe rechazar request sin header Authorization","invocations":1,"location":null,"numPassingAsserts":1,"retryReasons":[],"status":"passed","title":"Debe rechazar request sin header Authorization"},{"ancestorTitles":["Auth Middleware - Request Headers"],"duration":0,"failureDetails":[],"failureMessages":[],"fullName":"Auth Middleware - Request Headers Debe rechazar header Authorization sin Bearer","invocations":1,"location":null,"numPassingAsserts":1,"retryReasons":[],"status":"passed","title":"Debe rechazar header Authorization sin Bearer"},{"ancestorTitles":["Auth Middleware - Request Headers"],"duration":1,"failureDetails":[],"failureMessages":[],"fullName":"Auth Middleware - Request Headers Debe manejar diferentes formatos de header","invocations":1,"location":null,"numPassingAsserts":4,"retryReasons":[],"status":"passed","title":"Debe manejar diferentes formatos de header"},{"ancestorTitles":["Auth Middleware - Password Security"],"duration":0,"failureDetails":[],"failureMessages":[],"fullName":"Auth Middleware - Password Security Password debe tener longitud mínima","invocations":1,"location":null,"numPassingAsserts":3,"retryReasons":[],"status":"passed","title":"Password debe tener longitud mínima"},{"ancestorTitles":["Auth Middleware - Password Security"],"duration":0,"failureDetails":[],"failureMessages":[],"fullName":"Auth Middleware - Password Security Password debe rechazar longitudes cortas","invocations":1,"location":null,"numPassingAsserts":3,"retryReasons":[],"status":"passed","title":"Password debe rechazar longitudes cortas"},{"ancestorTitles":["Auth Middleware - Password Security"],"duration":0,"failureDetails":[],"failureMessages":[],"fullName":"Auth Middleware - Password Security Email debe tener formato válido","invocations":1,"location":null,"numPassingAsserts":3,"retryReasons":[],"status":"passed","title":"Email debe tener formato válido"},{"ancestorTitles":["Auth Middleware - Password Security"],"duration":0,"failureDetails":[],"failureMessages":[],"fullName":"Auth Middleware - Password Security Email debe rechazar formatos inválidos","invocations":1,"location":null,"numPassingAsserts":5,"retryReasons":[],"status":"passed","title":"Email debe rechazar formatos inválidos"}],"endTime":1767685956029,"message":"","name":"C:\\Users\\sergu\\OneDrive\\Desktop\\landing essence\\react-tailwindcss\\server\\__tests__\\middleware\\auth.middleware.test.js","startTime":1767685955872,"status":"passed","summary":""},{"assertionResults":[{"ancestorTitles":["Business Logic - Profit Calculations","Distributor Profit Percentage"],"duration":1,"failureDetails":[],"failureMessages":[],"fullName":"Business Logic - Profit Calculations Distributor Profit Percentage Distribuidor normal debe tener 20%","invocations":1,"location":null,"numPassingAsserts":1,"retryReasons":[],"status":"passed","title":"Distribuidor normal debe tener 20%"},{"ancestorTitles":["Business Logic - Profit Calculations","Distributor Profit Percentage"],"duration":0,"failureDetails":[],"failureMessages":[],"fullName":"Business Logic - Profit Calculations Distributor Profit Percentage Distribuidor 3er lugar debe tener 21%","invocations":1,"location":null,"numPassingAsserts":1,"retryReasons":[],"status":"passed","title":"Distribuidor 3er lugar debe tener 21%"},{"ancestorTitles":["Business Logic - Profit Calculations","Distributor Profit Percentage"],"duration":0,"failureDetails":[],"failureMessages":[],"fullName":"Business Logic - Profit Calculations Distributor Profit Percentage Distribuidor 2do lugar debe tener 23%","invocations":1,"location":null,"numPassingAsserts":1,"retryReasons":[],"status":"passed","title":"Distribuidor 2do lugar debe tener 23%"},{"ancestorTitles":["Business Logic - Profit Calculations","Distributor Profit Percentage"],"duration":1,"failureDetails":[],"failureMessages":[],"fullName":"Business Logic - Profit Calculations Distributor Profit Percentage Distribuidor 1er lugar debe tener 25%","invocations":1,"location":null,"numPassingAsserts":1,"retryReasons":[],"status":"passed","title":"Distribuidor 1er lugar debe tener 25%"},{"ancestorTitles":["Business Logic - Profit Calculations","Distributor Profit Percentage"],"duration":0,"failureDetails":[],"failureMessages":[],"fullName":"Business Logic - Profit Calculations Distributor Profit Percentage Admin debe tener 0%","invocations":1,"location":null,"numPassingAsserts":1,"retryReasons":[],"status":"passed","title":"Admin debe tener 0%"},{"ancestorTitles":["Business Logic - Profit Calculations","Profit Formulas - Normal (20%)"],"duration":0,"failureDetails":[],"failureMessages":[],"fullName":"Business Logic - Profit Calculations Profit Formulas - Normal (20%) Ganancia distribuidor = salePrice * 20% * quantity","invocations":1,"location":null,"numPassingAsserts":1,"retryReasons":[],"status":"passed","title":"Ganancia distribuidor = salePrice * 20% * quantity"},{"ancestorTitles":["Business Logic - Profit Calculations","Profit Formulas - Normal (20%)"],"duration":0,"failureDetails":[],"failureMessages":[],"fullName":"Business Logic - Profit Calculations Profit Formulas - Normal (20%) Pago distribuidor = salePrice * 80% * quantity","invocations":1,"location":null,"numPassingAsserts":1,"retryReasons":[],"status":"passed","title":"Pago distribuidor = salePrice * 80% * quantity"},{"ancestorTitles":["Business Logic - Profit Calculations","Profit Formulas - Normal (20%)"],"duration":0,"failureDetails":[],"failureMessages":[],"fullName":"Business Logic - Profit Calculations Profit Formulas - Normal (20%) Ganancia admin = (distributorPayment - cost) * quantity","invocations":1,"location":null,"numPassingAsserts":1,"retryReasons":[],"status":"passed","title":"Ganancia admin = (distributorPayment - cost) * quantity"},{"ancestorTitles":["Business Logic - Profit Calculations","Profit Formulas - Normal (20%)"],"duration":0,"failureDetails":[],"failureMessages":[],"fullName":"Business Logic - Profit Calculations Profit Formulas - Normal (20%) Ganancia total = distributorProfit + adminProfit","invocations":1,"location":null,"numPassingAsserts":1,"retryReasons":[],"status":"passed","title":"Ganancia total = distributorProfit + adminProfit"},{"ancestorTitles":["Business Logic - Profit Calculations","Profit Formulas - 1er Lugar (25%)"],"duration":0,"failureDetails":[],"failureMessages":[],"fullName":"Business Logic - Profit Calculations Profit Formulas - 1er Lugar (25%) Ganancia distribuidor = salePrice * 25% * quantity","invocations":1,"location":null,"numPassingAsserts":1,"retryReasons":[],"status":"passed","title":"Ganancia distribuidor = salePrice * 25% * quantity"},{"ancestorTitles":["Business Logic - Profit Calculations","Profit Formulas - 1er Lugar (25%)"],"duration":0,"failureDetails":[],"failureMessages":[],"fullName":"Business Logic - Profit Calculations Profit Formulas - 1er Lugar (25%) Pago distribuidor = salePrice * 75% * quantity","invocations":1,"location":null,"numPassingAsserts":1,"retryReasons":[],"status":"passed","title":"Pago distribuidor = salePrice * 75% * quantity"},{"ancestorTitles":["Business Logic - Profit Calculations","Profit Formulas - 1er Lugar (25%)"],"duration":0,"failureDetails":[],"failureMessages":[],"fullName":"Business Logic - Profit Calculations Profit Formulas - 1er Lugar (25%) Ganancia admin = (distributorPayment - cost) * quantity","invocations":1,"location":null,"numPassingAsserts":1,"retryReasons":[],"status":"passed","title":"Ganancia admin = (distributorPayment - cost) * quantity"},{"ancestorTitles":["Business Logic - Profit Calculations","Profit Formulas - 1er Lugar (25%)"],"duration":1,"failureDetails":[],"failureMessages":[],"fullName":"Business Logic - Profit Calculations Profit Formulas - 1er Lugar (25%) Ganancia total = distributorProfit + adminProfit","invocations":1,"location":null,"numPassingAsserts":1,"retryReasons":[],"status":"passed","title":"Ganancia total = distributorProfit + adminProfit"},{"ancestorTitles":["Business Logic - Profit Calculations","Profit Formulas - Admin Direct Sale"],"duration":0,"failureDetails":[],"failureMessages":[],"fullName":"Business Logic - Profit Calculations Profit Formulas - Admin Direct Sale Admin vende directamente - ganancia = (salePrice - cost) * quantity","invocations":1,"location":null,"numPassingAsserts":1,"retryReasons":[],"status":"passed","title":"Admin vende directamente - ganancia = (salePrice - cost) * quantity"},{"ancestorTitles":["Business Logic - Profit Calculations","Profit Formulas - Admin Direct Sale"],"duration":0,"failureDetails":[],"failureMessages":[],"fullName":"Business Logic - Profit Calculations Profit Formulas - Admin Direct Sale Admin vende directamente - distributorProfit = 0","invocations":1,"location":null,"numPassingAsserts":1,"retryReasons":[],"status":"passed","title":"Admin vende directamente - distributorProfit = 0"},{"ancestorTitles":["Business Logic - Profit Calculations","Profit Formulas - Admin Direct Sale"],"duration":0,"failureDetails":[],"failureMessages":[],"fullName":"Business Logic - Profit Calculations Profit Formulas - Admin Direct Sale Admin vende directamente - totalProfit = adminProfit","invocations":1,"location":null,"numPassingAsserts":1,"retryReasons":[],"status":"passed","title":"Admin vende directamente - totalProfit = adminProfit"},{"ancestorTitles":["Business Logic - Profit Calculations","Price Validations"],"duration":0,"failureDetails":[],"failureMessages":[],"fullName":"Business Logic - Profit Calculations Price Validations purchasePrice debe ser menor que distributorPrice","invocations":1,"location":null,"numPassingAsserts":1,"retryReasons":[],"status":"passed","title":"purchasePrice debe ser menor que distributorPrice"},{"ancestorTitles":["Business Logic - Profit Calculations","Price Validations"],"duration":0,"failureDetails":[],"failureMessages":[],"fullName":"Business Logic - Profit Calculations Price Validations distributorPrice debe ser menor que salePrice","invocations":1,"location":null,"numPassingAsserts":1,"retryReasons":[],"status":"passed","title":"distributorPrice debe ser menor que salePrice"},{"ancestorTitles":["Business Logic - Profit Calculations","Price Validations"],"duration":0,"failureDetails":[],"failureMessages":[],"fullName":"Business Logic - Profit Calculations Price Validations purchasePrice debe ser menor que salePrice","invocations":1,"location":null,"numPassingAsserts":1,"retryReasons":[],"status":"passed","title":"purchasePrice debe ser menor que salePrice"},{"ancestorTitles":["Business Logic - Profit Calculations","Price Validations"],"duration":0,"failureDetails":[],"failureMessages":[],"fullName":"Business Logic - Profit Calculations Price Validations Precios no pueden ser negativos","invocations":1,"location":null,"numPassingAsserts":3,"retryReasons":[],"status":"passed","title":"Precios no pueden ser negativos"},{"ancestorTitles":["Business Logic - Stock Management"],"duration":0,"failureDetails":[],"failureMessages":[],"fullName":"Business Logic - Stock Management Stock debe decrementar al hacer venta","invocations":1,"location":null,"numPassingAsserts":1,"retryReasons":[],"status":"passed","title":"Stock debe decrementar al hacer venta"},{"ancestorTitles":["Business Logic - Stock Management"],"duration":1,"failureDetails":[],"failureMessages":[],"fullName":"Business Logic - Stock Management Stock no puede ser negativo","invocations":1,"location":null,"numPassingAsserts":1,"retryReasons":[],"status":"passed","title":"Stock no puede ser negativo"},{"ancestorTitles":["Business Logic - Stock Management"],"duration":0,"failureDetails":[],"failureMessages":[],"fullName":"Business Logic - Stock Management Debe validar stock suficiente antes de venta","invocations":1,"location":null,"numPassingAsserts":1,"retryReasons":[],"status":"passed","title":"Debe validar stock suficiente antes de venta"},{"ancestorTitles":["Business Logic - Stock Management"],"duration":0,"failureDetails":[],"failureMessages":[],"fullName":"Business Logic - Stock Management Stock 0 significa producto no disponible","invocations":1,"location":null,"numPassingAsserts":1,"retryReasons":[],"status":"passed","title":"Stock 0 significa producto no disponible"},{"ancestorTitles":["Business Logic - Sale ID Format"],"duration":0,"failureDetails":[],"failureMessages":[],"fullName":"Business Logic - Sale ID Format saleId debe seguir formato VTA-YYYY-NNNN","invocations":1,"location":null,"numPassingAsserts":1,"retryReasons":[],"status":"passed","title":"saleId debe seguir formato VTA-YYYY-NNNN"},{"ancestorTitles":["Business Logic - Sale ID Format"],"duration":0,"failureDetails":[],"failureMessages":[],"fullName":"Business Logic - Sale ID Format saleId debe incluir año actual","invocations":1,"location":null,"numPassingAsserts":1,"retryReasons":[],"status":"passed","title":"saleId debe incluir año actual"},{"ancestorTitles":["Business Logic - Sale ID Format"],"duration":1,"failureDetails":[],"failureMessages":[],"fullName":"Business Logic - Sale ID Format saleId debe tener contador de 4 dígitos","invocations":1,"location":null,"numPassingAsserts":3,"retryReasons":[],"status":"passed","title":"saleId debe tener contador de 4 dígitos"},{"ancestorTitles":["Business Logic - Sale ID Format"],"duration":0,"failureDetails":[],"failureMessages":[],"fullName":"Business Logic - Sale ID Format saleId debe incrementar secuencialmente","invocations":1,"location":null,"numPassingAsserts":1,"retryReasons":[],"status":"passed","title":"saleId debe incrementar secuencialmente"},{"ancestorTitles":["Business Logic - Ranking System"],"duration":0,"failureDetails":[],"failureMessages":[],"fullName":"Business Logic - Ranking System Ranking debe basarse en ingresos totales","invocations":1,"location":null,"numPassingAsserts":3,"retryReasons":[],"status":"passed","title":"Ranking debe basarse en ingresos totales"},{"ancestorTitles":["Business Logic - Ranking System"],"duration":0,"failureDetails":[],"failureMessages":[],"fullName":"Business Logic - Ranking System Solo ventas confirmadas deben contar para ranking","invocations":1,"location":null,"numPassingAsserts":2,"retryReasons":[],"status":"passed","title":"Solo ventas confirmadas deben contar para ranking"},{"ancestorTitles":["Business Logic - Ranking System"],"duration":0,"failureDetails":[],"failureMessages":[],"fullName":"Business Logic - Ranking System Empate en ventas mantiene orden de primero en llegar","invocations":1,"location":null,"numPassingAsserts":1,"retryReasons":[],"status":"passed","title":"Empate en ventas mantiene orden de primero en llegar"},{"ancestorTitles":["Business Logic - Payment Status"],"duration":0,"failureDetails":[],"failureMessages":[],"fullName":"Business Logic - Payment Status Venta nueva debe tener status \"pendiente\"","invocations":1,"location":null,"numPassingAsserts":1,"retryReasons":[],"status":"passed","title":"Venta nueva debe tener status \"pendiente\""},{"ancestorTitles":["Business Logic - Payment Status"],"duration":0,"failureDetails":[],"failureMessages":[],"fullName":"Business Logic - Payment Status Venta confirmada debe tener status \"confirmado\"","invocations":1,"location":null,"numPassingAsserts":1,"retryReasons":[],"status":"passed","title":"Venta confirmada debe tener status \"confirmado\""},{"ancestorTitles":["Business Logic - Payment Status"],"duration":0,"failureDetails":[],"failureMessages":[],"fullName":"Business Logic - Payment Status Venta rechazada debe tener status \"rechazado\"","invocations":1,"location":null,"numPassingAsserts":1,"retryReasons":[],"status":"passed","title":"Venta rechazada debe tener status \"rechazado\""},{"ancestorTitles":["Business Logic - Payment Status"],"duration":0,"failureDetails":[],"failureMessages":[],"fullName":"Business Logic - Payment Status Solo estados válidos deben ser permitidos","invocations":1,"location":null,"numPassingAsserts":1,"retryReasons":[],"status":"passed","title":"Solo estados válidos deben ser permitidos"},{"ancestorTitles":["Business Logic - Payment Status"],"duration":0,"failureDetails":[],"failureMessages":[],"fullName":"Business Logic - Payment Status Estado inválido debe ser rechazado","invocations":1,"location":null,"numPassingAsserts":1,"retryReasons":[],"status":"passed","title":"Estado inválido debe ser rechazado"}],"endTime":1767685956150,"message":"","name":"C:\\Users\\sergu\\OneDrive\\Desktop\\landing essence\\react-tailwindcss\\server\\__tests__\\utils\\business-logic.test.js","startTime":1767685956033,"status":"passed","summary":""}],"wasInterrupted":false}
